  CProductIOControl.cpp
  CProductMain.cpp
f:\estek automation\project\ets5000\ets5000_20210817_2100_siapbug_uph - rtx\include\pch.h(13): warning C4067: unexpected tokens following preprocessor directive - expected a newline
f:\estek automation\project\ets5000\ets5000_20210817_2100_siapbug_uph - rtx\include\cproductsequence.h(40): warning C4091: 'typedef ': ignored on left of 'CProductSequence::InputUnitInfo' when no variable is declared
f:\estek automation\project\ets5000\ets5000_20210817_2100_siapbug_uph - rtx\include\cproductsequence.h(48): warning C4091: 'typedef ': ignored on left of 'CProductSequence::FiducialFeedback' when no variable is declared
f:\estek automation\project\ets5000\ets5000_20210817_2100_siapbug_uph - rtx\include\cproductsequence.h(54): warning C4091: 'typedef ': ignored on left of 'CProductSequence::Position' when no variable is declared
f:\estek automation\project\ets5000\ets5000_20210817_2100_siapbug_uph - rtx\include\cproductsequence.h(61): warning C4091: 'typedef ': ignored on left of 'CProductSequence::ThetaResult' when no variable is declared
  CProductMotorControl.cpp
f:\estek automation\project\ets5000\ets5000_20210817_2100_siapbug_uph - rtx\include\pch.h(13): warning C4067: unexpected tokens following preprocessor directive - expected a newline
f:\estek automation\project\ets5000\ets5000_20210817_2100_siapbug_uph - rtx\rproduct\cproductmotorcontrol.cpp(13913): warning C4091: 'typedef ': ignored on left of 'CProductMotorControl::PickAndPlaceXAxisMotorSetTriggeringPoint::PositionTrigger' when no variable is declared
  CProductSequence.cpp
f:\estek automation\project\ets5000\ets5000_20210817_2100_siapbug_uph - rtx\include\pch.h(13): warning C4067: unexpected tokens following preprocessor directive - expected a newline
f:\estek automation\project\ets5000\ets5000_20210817_2100_siapbug_uph - rtx\include\cproductsequence.h(40): warning C4091: 'typedef ': ignored on left of 'CProductSequence::InputUnitInfo' when no variable is declared
f:\estek automation\project\ets5000\ets5000_20210817_2100_siapbug_uph - rtx\include\cproductsequence.h(48): warning C4091: 'typedef ': ignored on left of 'CProductSequence::FiducialFeedback' when no variable is declared
f:\estek automation\project\ets5000\ets5000_20210817_2100_siapbug_uph - rtx\include\cproductsequence.h(54): warning C4091: 'typedef ': ignored on left of 'CProductSequence::Position' when no variable is declared
f:\estek automation\project\ets5000\ets5000_20210817_2100_siapbug_uph - rtx\include\cproductsequence.h(61): warning C4091: 'typedef ': ignored on left of 'CProductSequence::ThetaResult' when no variable is declared
  CProductShareVariables.cpp
  CProductStateControl.cpp
f:\estek automation\project\ets5000\ets5000_20210817_2100_siapbug_uph - rtx\include\pch.h(13): warning C4067: unexpected tokens following preprocessor directive - expected a newline
  CProductThread.cpp
f:\estek automation\project\ets5000\ets5000_20210817_2100_siapbug_uph - rtx\include\pch.h(13): warning C4067: unexpected tokens following preprocessor directive - expected a newline
f:\estek automation\project\ets5000\ets5000_20210817_2100_siapbug_uph - rtx\include\cproductsequence.h(40): warning C4091: 'typedef ': ignored on left of 'CProductSequence::InputUnitInfo' when no variable is declared
f:\estek automation\project\ets5000\ets5000_20210817_2100_siapbug_uph - rtx\include\cproductsequence.h(48): warning C4091: 'typedef ': ignored on left of 'CProductSequence::FiducialFeedback' when no variable is declared
f:\estek automation\project\ets5000\ets5000_20210817_2100_siapbug_uph - rtx\include\cproductsequence.h(54): warning C4091: 'typedef ': ignored on left of 'CProductSequence::Position' when no variable is declared
f:\estek automation\project\ets5000\ets5000_20210817_2100_siapbug_uph - rtx\include\cproductsequence.h(61): warning C4091: 'typedef ': ignored on left of 'CProductSequence::ThetaResult' when no variable is declared
  RProduct.cpp
  RProductExportFunction.cpp
  Generating Code...
f:\estek automation\project\ets5000\ets5000_20210817_2100_siapbug_uph - rtx\rproduct\cproductstatecontrol.cpp(143): warning C4715: 'CProductStateControl::OnCheckResumeStartStateReady': not all control paths return a value
f:\estek automation\project\ets5000\ets5000_20210817_2100_siapbug_uph - rtx\rproduct\cproductmotorcontrol.cpp(25444): warning C4715: 'CProductMotorControl::THKReadRunningStatus': not all control paths return a value
f:\estek automation\project\ets5000\ets5000_20210817_2100_siapbug_uph - rtx\rproduct\cproductmotorcontrol.cpp(26320): warning C4715: 'CProductMotorControl::convertData': not all control paths return a value
LINK : warning LNK4075: ignoring '/INCREMENTAL' due to '/FORCE' specification
CProductMain.obj : warning LNK4006: "class SharedMemorySetting * smSetting" (?smSetting@@3PEAVSharedMemorySetting@@EA) already defined in CProductIOControl.obj; second definition ignored
CProductMain.obj : warning LNK4006: "class SharedMemoryTeachPoint * smTeachPoint" (?smTeachPoint@@3PEAVSharedMemoryTeachPoint@@EA) already defined in CProductIOControl.obj; second definition ignored
CProductMain.obj : warning LNK4006: "class SharedMemoryProduction * smProduction" (?smProduction@@3PEAVSharedMemoryProduction@@EA) already defined in CProductIOControl.obj; second definition ignored
CProductMain.obj : warning LNK4006: "class SharedMemoryCustomize * smCustomize" (?smCustomize@@3PEAVSharedMemoryCustomize@@EA) already defined in CProductIOControl.obj; second definition ignored
CProductMain.obj : warning LNK4006: "class SharedMemoryIO * smIO" (?smIO@@3PEAVSharedMemoryIO@@EA) already defined in CProductIOControl.obj; second definition ignored
CProductMain.obj : warning LNK4006: "class SharedMemoryModuleStatus * smModuleStatus" (?smModuleStatus@@3PEAVSharedMemoryModuleStatus@@EA) already defined in CProductIOControl.obj; second definition ignored
CProductMain.obj : warning LNK4006: "class SharedMemoryEvent * smEvent" (?smEvent@@3PEAVSharedMemoryEvent@@EA) already defined in CProductIOControl.obj; second definition ignored
CProductMain.obj : warning LNK4006: "class SharedMemoryGeneral * smGeneral" (?smGeneral@@3PEAVSharedMemoryGeneral@@EA) already defined in CProductIOControl.obj; second definition ignored
CProductMain.obj : warning LNK4006: "class ProductSharedMemorySetting * smProductSetting" (?smProductSetting@@3PEAVProductSharedMemorySetting@@EA) already defined in CProductIOControl.obj; second definition ignored
CProductMain.obj : warning LNK4006: "class ProductSharedMemoryTeachPoint * smProductTeachPoint" (?smProductTeachPoint@@3PEAVProductSharedMemoryTeachPoint@@EA) already defined in CProductIOControl.obj; second definition ignored
CProductMain.obj : warning LNK4006: "class ProductSharedMemoryProduction * smProductProduction" (?smProductProduction@@3PEAVProductSharedMemoryProduction@@EA) already defined in CProductIOControl.obj; second definition ignored
CProductMain.obj : warning LNK4006: "class ProductSharedMemoryCustomize * smProductCustomize" (?smProductCustomize@@3PEAVProductSharedMemoryCustomize@@EA) already defined in CProductIOControl.obj; second definition ignored
CProductMain.obj : warning LNK4006: "class ProductSharedMemoryIO * smProductIO" (?smProductIO@@3PEAVProductSharedMemoryIO@@EA) already defined in CProductIOControl.obj; second definition ignored
CProductMain.obj : warning LNK4006: "class ProductSharedMemoryModuleStatus * smProductModuleStatus" (?smProductModuleStatus@@3PEAVProductSharedMemoryModuleStatus@@EA) already defined in CProductIOControl.obj; second definition ignored
CProductMain.obj : warning LNK4006: "class ProductSharedMemoryEvent * smProductEvent" (?smProductEvent@@3PEAVProductSharedMemoryEvent@@EA) already defined in CProductIOControl.obj; second definition ignored
CProductMain.obj : warning LNK4006: "class ProductSharedMemoryGeneral * smProductGeneral" (?smProductGeneral@@3PEAVProductSharedMemoryGeneral@@EA) already defined in CProductIOControl.obj; second definition ignored
CProductMain.obj : warning LNK4006: "__int64 m_TurretDelay" (?m_TurretDelay@@3_JA) already defined in CProductIOControl.obj; second definition ignored
CProductMain.obj : warning LNK4006: "class CLogger * m_cLogger" (?m_cLogger@@3PEAVCLogger@@EA) already defined in CProductIOControl.obj; second definition ignored
CProductMain.obj : warning LNK4006: "class CPlatformShareVariables * m_cPlatformShareVariables" (?m_cPlatformShareVariables@@3PEAVCPlatformShareVariables@@EA) already defined in CProductIOControl.obj; second definition ignored
CProductMain.obj : warning LNK4006: "class CIO * m_cIO" (?m_cIO@@3PEAVCIO@@EA) already defined in CProductIOControl.obj; second definition ignored
CProductMain.obj : warning LNK4006: "class CPlatformIOControl * m_cPlatformIOControl" (?m_cPlatformIOControl@@3PEAVCPlatformIOControl@@EA) already defined in CProductIOControl.obj; second definition ignored
CProductMain.obj : warning LNK4006: "class CProductShareVariables * m_cProductShareVariables" (?m_cProductShareVariables@@3PEAVCProductShareVariables@@EA) already defined in CProductIOControl.obj; second definition ignored
CProductMain.obj : warning LNK4006: "class CProductIOControl * m_cProductIOControl" (?m_cProductIOControl@@3PEAVCProductIOControl@@EA) already defined in CProductIOControl.obj; second definition ignored
CProductMotorControl.obj : warning LNK4006: "class SharedMemorySetting * smSetting" (?smSetting@@3PEAVSharedMemorySetting@@EA) already defined in CProductIOControl.obj; second definition ignored
CProductMotorControl.obj : warning LNK4006: "class SharedMemoryTeachPoint * smTeachPoint" (?smTeachPoint@@3PEAVSharedMemoryTeachPoint@@EA) already defined in CProductIOControl.obj; second definition ignored
CProductMotorControl.obj : warning LNK4006: "class SharedMemoryProduction * smProduction" (?smProduction@@3PEAVSharedMemoryProduction@@EA) already defined in CProductIOControl.obj; second definition ignored
CProductMotorControl.obj : warning LNK4006: "class SharedMemoryCustomize * smCustomize" (?smCustomize@@3PEAVSharedMemoryCustomize@@EA) already defined in CProductIOControl.obj; second definition ignored
CProductMotorControl.obj : warning LNK4006: "class SharedMemoryIO * smIO" (?smIO@@3PEAVSharedMemoryIO@@EA) already defined in CProductIOControl.obj; second definition ignored
CProductMotorControl.obj : warning LNK4006: "class SharedMemoryModuleStatus * smModuleStatus" (?smModuleStatus@@3PEAVSharedMemoryModuleStatus@@EA) already defined in CProductIOControl.obj; second definition ignored
CProductMotorControl.obj : warning LNK4006: "class SharedMemoryEvent * smEvent" (?smEvent@@3PEAVSharedMemoryEvent@@EA) already defined in CProductIOControl.obj; second definition ignored
CProductMotorControl.obj : warning LNK4006: "class SharedMemoryGeneral * smGeneral" (?smGeneral@@3PEAVSharedMemoryGeneral@@EA) already defined in CProductIOControl.obj; second definition ignored
CProductMotorControl.obj : warning LNK4006: "class ProductSharedMemorySetting * smProductSetting" (?smProductSetting@@3PEAVProductSharedMemorySetting@@EA) already defined in CProductIOControl.obj; second definition ignored
CProductMotorControl.obj : warning LNK4006: "class ProductSharedMemoryTeachPoint * smProductTeachPoint" (?smProductTeachPoint@@3PEAVProductSharedMemoryTeachPoint@@EA) already defined in CProductIOControl.obj; second definition ignored
CProductMotorControl.obj : warning LNK4006: "class ProductSharedMemoryProduction * smProductProduction" (?smProductProduction@@3PEAVProductSharedMemoryProduction@@EA) already defined in CProductIOControl.obj; second definition ignored
CProductMotorControl.obj : warning LNK4006: "class ProductSharedMemoryCustomize * smProductCustomize" (?smProductCustomize@@3PEAVProductSharedMemoryCustomize@@EA) already defined in CProductIOControl.obj; second definition ignored
CProductMotorControl.obj : warning LNK4006: "class ProductSharedMemoryIO * smProductIO" (?smProductIO@@3PEAVProductSharedMemoryIO@@EA) already defined in CProductIOControl.obj; second definition ignored
CProductMotorControl.obj : warning LNK4006: "class ProductSharedMemoryModuleStatus * smProductModuleStatus" (?smProductModuleStatus@@3PEAVProductSharedMemoryModuleStatus@@EA) already defined in CProductIOControl.obj; second definition ignored
CProductMotorControl.obj : warning LNK4006: "class ProductSharedMemoryEvent * smProductEvent" (?smProductEvent@@3PEAVProductSharedMemoryEvent@@EA) already defined in CProductIOControl.obj; second definition ignored
CProductMotorControl.obj : warning LNK4006: "class ProductSharedMemoryGeneral * smProductGeneral" (?smProductGeneral@@3PEAVProductSharedMemoryGeneral@@EA) already defined in CProductIOControl.obj; second definition ignored
CProductMotorControl.obj : warning LNK4006: "__int64 m_TurretDelay" (?m_TurretDelay@@3_JA) already defined in CProductIOControl.obj; second definition ignored
CProductMotorControl.obj : warning LNK4006: "class CLogger * m_cLogger" (?m_cLogger@@3PEAVCLogger@@EA) already defined in CProductIOControl.obj; second definition ignored
CProductMotorControl.obj : warning LNK4006: "class CPlatformShareVariables * m_cPlatformShareVariables" (?m_cPlatformShareVariables@@3PEAVCPlatformShareVariables@@EA) already defined in CProductIOControl.obj; second definition ignored
CProductMotorControl.obj : warning LNK4006: "class CIO * m_cIO" (?m_cIO@@3PEAVCIO@@EA) already defined in CProductIOControl.obj; second definition ignored
CProductMotorControl.obj : warning LNK4006: "class CPlatformIOControl * m_cPlatformIOControl" (?m_cPlatformIOControl@@3PEAVCPlatformIOControl@@EA) already defined in CProductIOControl.obj; second definition ignored
CProductMotorControl.obj : warning LNK4006: "class CMotionLibrary * m_cMotion" (?m_cMotion@@3PEAVCMotionLibrary@@EA) already defined in CProductMain.obj; second definition ignored
CProductMotorControl.obj : warning LNK4006: "class CPlatformMotorControl * m_cPlatformMotorControl" (?m_cPlatformMotorControl@@3PEAVCPlatformMotorControl@@EA) already defined in CProductMain.obj; second definition ignored
CProductMotorControl.obj : warning LNK4006: "class CProductShareVariables * m_cProductShareVariables" (?m_cProductShareVariables@@3PEAVCProductShareVariables@@EA) already defined in CProductIOControl.obj; second definition ignored
CProductMotorControl.obj : warning LNK4006: "class CProductIOControl * m_cProductIOControl" (?m_cProductIOControl@@3PEAVCProductIOControl@@EA) already defined in CProductIOControl.obj; second definition ignored
CProductMotorControl.obj : warning LNK4006: "class CProductMotorControl * m_cProductMotorControl" (?m_cProductMotorControl@@3PEAVCProductMotorControl@@EA) already defined in CProductMain.obj; second definition ignored
CProductMotorControl.obj : warning LNK4006: "class CProductAgito * m_Agito" (?m_Agito@@3PEAVCProductAgito@@EA) already defined in CProductMain.obj; second definition ignored
CProductSequence.obj : warning LNK4006: "class SharedMemorySetting * smSetting" (?smSetting@@3PEAVSharedMemorySetting@@EA) already defined in CProductIOControl.obj; second definition ignored
CProductSequence.obj : warning LNK4006: "class SharedMemoryTeachPoint * smTeachPoint" (?smTeachPoint@@3PEAVSharedMemoryTeachPoint@@EA) already defined in CProductIOControl.obj; second definition ignored
CProductSequence.obj : warning LNK4006: "class SharedMemoryProduction * smProduction" (?smProduction@@3PEAVSharedMemoryProduction@@EA) already defined in CProductIOControl.obj; second definition ignored
CProductSequence.obj : warning LNK4006: "class SharedMemoryCustomize * smCustomize" (?smCustomize@@3PEAVSharedMemoryCustomize@@EA) already defined in CProductIOControl.obj; second definition ignored
CProductSequence.obj : warning LNK4006: "class SharedMemoryIO * smIO" (?smIO@@3PEAVSharedMemoryIO@@EA) already defined in CProductIOControl.obj; second definition ignored
CProductSequence.obj : warning LNK4006: "class SharedMemoryModuleStatus * smModuleStatus" (?smModuleStatus@@3PEAVSharedMemoryModuleStatus@@EA) already defined in CProductIOControl.obj; second definition ignored
CProductSequence.obj : warning LNK4006: "class SharedMemoryEvent * smEvent" (?smEvent@@3PEAVSharedMemoryEvent@@EA) already defined in CProductIOControl.obj; second definition ignored
CProductSequence.obj : warning LNK4006: "class SharedMemoryGeneral * smGeneral" (?smGeneral@@3PEAVSharedMemoryGeneral@@EA) already defined in CProductIOControl.obj; second definition ignored
CProductSequence.obj : warning LNK4006: "class ProductSharedMemorySetting * smProductSetting" (?smProductSetting@@3PEAVProductSharedMemorySetting@@EA) already defined in CProductIOControl.obj; second definition ignored
CProductSequence.obj : warning LNK4006: "class ProductSharedMemoryTeachPoint * smProductTeachPoint" (?smProductTeachPoint@@3PEAVProductSharedMemoryTeachPoint@@EA) already defined in CProductIOControl.obj; second definition ignored
CProductSequence.obj : warning LNK4006: "class ProductSharedMemoryProduction * smProductProduction" (?smProductProduction@@3PEAVProductSharedMemoryProduction@@EA) already defined in CProductIOControl.obj; second definition ignored
CProductSequence.obj : warning LNK4006: "class ProductSharedMemoryCustomize * smProductCustomize" (?smProductCustomize@@3PEAVProductSharedMemoryCustomize@@EA) already defined in CProductIOControl.obj; second definition ignored
CProductSequence.obj : warning LNK4006: "class ProductSharedMemoryIO * smProductIO" (?smProductIO@@3PEAVProductSharedMemoryIO@@EA) already defined in CProductIOControl.obj; second definition ignored
CProductSequence.obj : warning LNK4006: "class ProductSharedMemoryModuleStatus * smProductModuleStatus" (?smProductModuleStatus@@3PEAVProductSharedMemoryModuleStatus@@EA) already defined in CProductIOControl.obj; second definition ignored
CProductSequence.obj : warning LNK4006: "class ProductSharedMemoryEvent * smProductEvent" (?smProductEvent@@3PEAVProductSharedMemoryEvent@@EA) already defined in CProductIOControl.obj; second definition ignored
CProductSequence.obj : warning LNK4006: "class ProductSharedMemoryGeneral * smProductGeneral" (?smProductGeneral@@3PEAVProductSharedMemoryGeneral@@EA) already defined in CProductIOControl.obj; second definition ignored
CProductSequence.obj : warning LNK4006: "__int64 m_TurretDelay" (?m_TurretDelay@@3_JA) already defined in CProductIOControl.obj; second definition ignored
CProductSequence.obj : warning LNK4006: "class CLogger * m_cLogger" (?m_cLogger@@3PEAVCLogger@@EA) already defined in CProductIOControl.obj; second definition ignored
CProductSequence.obj : warning LNK4006: "class CPlatformShareVariables * m_cPlatformShareVariables" (?m_cPlatformShareVariables@@3PEAVCPlatformShareVariables@@EA) already defined in CProductIOControl.obj; second definition ignored
CProductSequence.obj : warning LNK4006: "class CIO * m_cIO" (?m_cIO@@3PEAVCIO@@EA) already defined in CProductIOControl.obj; second definition ignored
CProductSequence.obj : warning LNK4006: "class CPlatformIOControl * m_cPlatformIOControl" (?m_cPlatformIOControl@@3PEAVCPlatformIOControl@@EA) already defined in CProductIOControl.obj; second definition ignored
CProductSequence.obj : warning LNK4006: "class CMotionLibrary * m_cMotion" (?m_cMotion@@3PEAVCMotionLibrary@@EA) already defined in CProductMain.obj; second definition ignored
CProductSequence.obj : warning LNK4006: "class CPlatformMotorControl * m_cPlatformMotorControl" (?m_cPlatformMotorControl@@3PEAVCPlatformMotorControl@@EA) already defined in CProductMain.obj; second definition ignored
CProductSequence.obj : warning LNK4006: "class CPlatformStateControl * m_cPlatformStateControl" (?m_cPlatformStateControl@@3PEAVCPlatformStateControl@@EA) already defined in CProductMain.obj; second definition ignored
CProductSequence.obj : warning LNK4006: "class CPlatformSequence * m_cPlatformSequence" (?m_cPlatformSequence@@3PEAVCPlatformSequence@@EA) already defined in CProductMain.obj; second definition ignored
CProductSequence.obj : warning LNK4006: "class CProductShareVariables * m_cProductShareVariables" (?m_cProductShareVariables@@3PEAVCProductShareVariables@@EA) already defined in CProductIOControl.obj; second definition ignored
CProductSequence.obj : warning LNK4006: "class CProductIOControl * m_cProductIOControl" (?m_cProductIOControl@@3PEAVCProductIOControl@@EA) already defined in CProductIOControl.obj; second definition ignored
CProductSequence.obj : warning LNK4006: "class CProductMotorControl * m_cProductMotorControl" (?m_cProductMotorControl@@3PEAVCProductMotorControl@@EA) already defined in CProductMain.obj; second definition ignored
CProductSequence.obj : warning LNK4006: "class CProductAgito * m_Agito" (?m_Agito@@3PEAVCProductAgito@@EA) already defined in CProductMain.obj; second definition ignored
CProductSequence.obj : warning LNK4006: "class CProductStateControl * m_cProductStateControl" (?m_cProductStateControl@@3PEAVCProductStateControl@@EA) already defined in CProductMain.obj; second definition ignored
CProductSequence.obj : warning LNK4006: "class CProductSequence * m_cProductSequence" (?m_cProductSequence@@3PEAVCProductSequence@@EA) already defined in CProductMain.obj; second definition ignored
CProductShareVariables.obj : warning LNK4006: "class SharedMemorySetting * smSetting" (?smSetting@@3PEAVSharedMemorySetting@@EA) already defined in CProductIOControl.obj; second definition ignored
CProductShareVariables.obj : warning LNK4006: "class SharedMemoryTeachPoint * smTeachPoint" (?smTeachPoint@@3PEAVSharedMemoryTeachPoint@@EA) already defined in CProductIOControl.obj; second definition ignored
CProductShareVariables.obj : warning LNK4006: "class SharedMemoryProduction * smProduction" (?smProduction@@3PEAVSharedMemoryProduction@@EA) already defined in CProductIOControl.obj; second definition ignored
CProductShareVariables.obj : warning LNK4006: "class SharedMemoryCustomize * smCustomize" (?smCustomize@@3PEAVSharedMemoryCustomize@@EA) already defined in CProductIOControl.obj; second definition ignored
CProductShareVariables.obj : warning LNK4006: "class SharedMemoryIO * smIO" (?smIO@@3PEAVSharedMemoryIO@@EA) already defined in CProductIOControl.obj; second definition ignored
CProductShareVariables.obj : warning LNK4006: "class SharedMemoryModuleStatus * smModuleStatus" (?smModuleStatus@@3PEAVSharedMemoryModuleStatus@@EA) already defined in CProductIOControl.obj; second definition ignored
CProductShareVariables.obj : warning LNK4006: "class SharedMemoryEvent * smEvent" (?smEvent@@3PEAVSharedMemoryEvent@@EA) already defined in CProductIOControl.obj; second definition ignored
CProductShareVariables.obj : warning LNK4006: "class SharedMemoryGeneral * smGeneral" (?smGeneral@@3PEAVSharedMemoryGeneral@@EA) already defined in CProductIOControl.obj; second definition ignored
CProductShareVariables.obj : warning LNK4006: "class ProductSharedMemorySetting * smProductSetting" (?smProductSetting@@3PEAVProductSharedMemorySetting@@EA) already defined in CProductIOControl.obj; second definition ignored
CProductShareVariables.obj : warning LNK4006: "class ProductSharedMemoryTeachPoint * smProductTeachPoint" (?smProductTeachPoint@@3PEAVProductSharedMemoryTeachPoint@@EA) already defined in CProductIOControl.obj; second definition ignored
CProductShareVariables.obj : warning LNK4006: "class ProductSharedMemoryProduction * smProductProduction" (?smProductProduction@@3PEAVProductSharedMemoryProduction@@EA) already defined in CProductIOControl.obj; second definition ignored
CProductShareVariables.obj : warning LNK4006: "class ProductSharedMemoryCustomize * smProductCustomize" (?smProductCustomize@@3PEAVProductSharedMemoryCustomize@@EA) already defined in CProductIOControl.obj; second definition ignored
CProductShareVariables.obj : warning LNK4006: "class ProductSharedMemoryIO * smProductIO" (?smProductIO@@3PEAVProductSharedMemoryIO@@EA) already defined in CProductIOControl.obj; second definition ignored
CProductShareVariables.obj : warning LNK4006: "class ProductSharedMemoryModuleStatus * smProductModuleStatus" (?smProductModuleStatus@@3PEAVProductSharedMemoryModuleStatus@@EA) already defined in CProductIOControl.obj; second definition ignored
CProductShareVariables.obj : warning LNK4006: "class ProductSharedMemoryEvent * smProductEvent" (?smProductEvent@@3PEAVProductSharedMemoryEvent@@EA) already defined in CProductIOControl.obj; second definition ignored
CProductShareVariables.obj : warning LNK4006: "class ProductSharedMemoryGeneral * smProductGeneral" (?smProductGeneral@@3PEAVProductSharedMemoryGeneral@@EA) already defined in CProductIOControl.obj; second definition ignored
CProductShareVariables.obj : warning LNK4006: "__int64 m_TurretDelay" (?m_TurretDelay@@3_JA) already defined in CProductIOControl.obj; second definition ignored
CProductShareVariables.obj : warning LNK4006: "class CLogger * m_cLogger" (?m_cLogger@@3PEAVCLogger@@EA) already defined in CProductIOControl.obj; second definition ignored
CProductShareVariables.obj : warning LNK4006: "class CPlatformShareVariables * m_cPlatformShareVariables" (?m_cPlatformShareVariables@@3PEAVCPlatformShareVariables@@EA) already defined in CProductIOControl.obj; second definition ignored
CProductShareVariables.obj : warning LNK4006: "class CProductShareVariables * m_cProductShareVariables" (?m_cProductShareVariables@@3PEAVCProductShareVariables@@EA) already defined in CProductIOControl.obj; second definition ignored
CProductStateControl.obj : warning LNK4006: "class SharedMemorySetting * smSetting" (?smSetting@@3PEAVSharedMemorySetting@@EA) already defined in CProductIOControl.obj; second definition ignored
CProductStateControl.obj : warning LNK4006: "class SharedMemoryTeachPoint * smTeachPoint" (?smTeachPoint@@3PEAVSharedMemoryTeachPoint@@EA) already defined in CProductIOControl.obj; second definition ignored
CProductStateControl.obj : warning LNK4006: "class SharedMemoryProduction * smProduction" (?smProduction@@3PEAVSharedMemoryProduction@@EA) already defined in CProductIOControl.obj; second definition ignored
CProductStateControl.obj : warning LNK4006: "class SharedMemoryCustomize * smCustomize" (?smCustomize@@3PEAVSharedMemoryCustomize@@EA) already defined in CProductIOControl.obj; second definition ignored
CProductStateControl.obj : warning LNK4006: "class SharedMemoryIO * smIO" (?smIO@@3PEAVSharedMemoryIO@@EA) already defined in CProductIOControl.obj; second definition ignored
CProductStateControl.obj : warning LNK4006: "class SharedMemoryModuleStatus * smModuleStatus" (?smModuleStatus@@3PEAVSharedMemoryModuleStatus@@EA) already defined in CProductIOControl.obj; second definition ignored
CProductStateControl.obj : warning LNK4006: "class SharedMemoryEvent * smEvent" (?smEvent@@3PEAVSharedMemoryEvent@@EA) already defined in CProductIOControl.obj; second definition ignored
CProductStateControl.obj : warning LNK4006: "class SharedMemoryGeneral * smGeneral" (?smGeneral@@3PEAVSharedMemoryGeneral@@EA) already defined in CProductIOControl.obj; second definition ignored
CProductStateControl.obj : warning LNK4006: "class ProductSharedMemorySetting * smProductSetting" (?smProductSetting@@3PEAVProductSharedMemorySetting@@EA) already defined in CProductIOControl.obj; second definition ignored
CProductStateControl.obj : warning LNK4006: "class ProductSharedMemoryTeachPoint * smProductTeachPoint" (?smProductTeachPoint@@3PEAVProductSharedMemoryTeachPoint@@EA) already defined in CProductIOControl.obj; second definition ignored
CProductStateControl.obj : warning LNK4006: "class ProductSharedMemoryProduction * smProductProduction" (?smProductProduction@@3PEAVProductSharedMemoryProduction@@EA) already defined in CProductIOControl.obj; second definition ignored
CProductStateControl.obj : warning LNK4006: "class ProductSharedMemoryCustomize * smProductCustomize" (?smProductCustomize@@3PEAVProductSharedMemoryCustomize@@EA) already defined in CProductIOControl.obj; second definition ignored
CProductStateControl.obj : warning LNK4006: "class ProductSharedMemoryIO * smProductIO" (?smProductIO@@3PEAVProductSharedMemoryIO@@EA) already defined in CProductIOControl.obj; second definition ignored
CProductStateControl.obj : warning LNK4006: "class ProductSharedMemoryModuleStatus * smProductModuleStatus" (?smProductModuleStatus@@3PEAVProductSharedMemoryModuleStatus@@EA) already defined in CProductIOControl.obj; second definition ignored
CProductStateControl.obj : warning LNK4006: "class ProductSharedMemoryEvent * smProductEvent" (?smProductEvent@@3PEAVProductSharedMemoryEvent@@EA) already defined in CProductIOControl.obj; second definition ignored
CProductStateControl.obj : warning LNK4006: "class ProductSharedMemoryGeneral * smProductGeneral" (?smProductGeneral@@3PEAVProductSharedMemoryGeneral@@EA) already defined in CProductIOControl.obj; second definition ignored
CProductStateControl.obj : warning LNK4006: "__int64 m_TurretDelay" (?m_TurretDelay@@3_JA) already defined in CProductIOControl.obj; second definition ignored
CProductStateControl.obj : warning LNK4006: "class CLogger * m_cLogger" (?m_cLogger@@3PEAVCLogger@@EA) already defined in CProductIOControl.obj; second definition ignored
CProductStateControl.obj : warning LNK4006: "class CPlatformShareVariables * m_cPlatformShareVariables" (?m_cPlatformShareVariables@@3PEAVCPlatformShareVariables@@EA) already defined in CProductIOControl.obj; second definition ignored
CProductStateControl.obj : warning LNK4006: "class CIO * m_cIO" (?m_cIO@@3PEAVCIO@@EA) already defined in CProductIOControl.obj; second definition ignored
CProductStateControl.obj : warning LNK4006: "class CPlatformIOControl * m_cPlatformIOControl" (?m_cPlatformIOControl@@3PEAVCPlatformIOControl@@EA) already defined in CProductIOControl.obj; second definition ignored
CProductStateControl.obj : warning LNK4006: "class CMotionLibrary * m_cMotion" (?m_cMotion@@3PEAVCMotionLibrary@@EA) already defined in CProductMain.obj; second definition ignored
CProductStateControl.obj : warning LNK4006: "class CPlatformMotorControl * m_cPlatformMotorControl" (?m_cPlatformMotorControl@@3PEAVCPlatformMotorControl@@EA) already defined in CProductMain.obj; second definition ignored
CProductStateControl.obj : warning LNK4006: "class CPlatformStateControl * m_cPlatformStateControl" (?m_cPlatformStateControl@@3PEAVCPlatformStateControl@@EA) already defined in CProductMain.obj; second definition ignored
CProductStateControl.obj : warning LNK4006: "class CProductShareVariables * m_cProductShareVariables" (?m_cProductShareVariables@@3PEAVCProductShareVariables@@EA) already defined in CProductIOControl.obj; second definition ignored
CProductStateControl.obj : warning LNK4006: "class CProductIOControl * m_cProductIOControl" (?m_cProductIOControl@@3PEAVCProductIOControl@@EA) already defined in CProductIOControl.obj; second definition ignored
CProductStateControl.obj : warning LNK4006: "class CProductMotorControl * m_cProductMotorControl" (?m_cProductMotorControl@@3PEAVCProductMotorControl@@EA) already defined in CProductMain.obj; second definition ignored
CProductStateControl.obj : warning LNK4006: "class CProductAgito * m_Agito" (?m_Agito@@3PEAVCProductAgito@@EA) already defined in CProductMain.obj; second definition ignored
CProductStateControl.obj : warning LNK4006: "class CProductStateControl * m_cProductStateControl" (?m_cProductStateControl@@3PEAVCProductStateControl@@EA) already defined in CProductMain.obj; second definition ignored
CProductThread.obj : warning LNK4006: "class SharedMemorySetting * smSetting" (?smSetting@@3PEAVSharedMemorySetting@@EA) already defined in CProductIOControl.obj; second definition ignored
CProductThread.obj : warning LNK4006: "class SharedMemoryTeachPoint * smTeachPoint" (?smTeachPoint@@3PEAVSharedMemoryTeachPoint@@EA) already defined in CProductIOControl.obj; second definition ignored
CProductThread.obj : warning LNK4006: "class SharedMemoryProduction * smProduction" (?smProduction@@3PEAVSharedMemoryProduction@@EA) already defined in CProductIOControl.obj; second definition ignored
CProductThread.obj : warning LNK4006: "class SharedMemoryCustomize * smCustomize" (?smCustomize@@3PEAVSharedMemoryCustomize@@EA) already defined in CProductIOControl.obj; second definition ignored
CProductThread.obj : warning LNK4006: "class SharedMemoryIO * smIO" (?smIO@@3PEAVSharedMemoryIO@@EA) already defined in CProductIOControl.obj; second definition ignored
CProductThread.obj : warning LNK4006: "class SharedMemoryModuleStatus * smModuleStatus" (?smModuleStatus@@3PEAVSharedMemoryModuleStatus@@EA) already defined in CProductIOControl.obj; second definition ignored
CProductThread.obj : warning LNK4006: "class SharedMemoryEvent * smEvent" (?smEvent@@3PEAVSharedMemoryEvent@@EA) already defined in CProductIOControl.obj; second definition ignored
CProductThread.obj : warning LNK4006: "class SharedMemoryGeneral * smGeneral" (?smGeneral@@3PEAVSharedMemoryGeneral@@EA) already defined in CProductIOControl.obj; second definition ignored
CProductThread.obj : warning LNK4006: "class ProductSharedMemorySetting * smProductSetting" (?smProductSetting@@3PEAVProductSharedMemorySetting@@EA) already defined in CProductIOControl.obj; second definition ignored
CProductThread.obj : warning LNK4006: "class ProductSharedMemoryTeachPoint * smProductTeachPoint" (?smProductTeachPoint@@3PEAVProductSharedMemoryTeachPoint@@EA) already defined in CProductIOControl.obj; second definition ignored
CProductThread.obj : warning LNK4006: "class ProductSharedMemoryProduction * smProductProduction" (?smProductProduction@@3PEAVProductSharedMemoryProduction@@EA) already defined in CProductIOControl.obj; second definition ignored
CProductThread.obj : warning LNK4006: "class ProductSharedMemoryCustomize * smProductCustomize" (?smProductCustomize@@3PEAVProductSharedMemoryCustomize@@EA) already defined in CProductIOControl.obj; second definition ignored
CProductThread.obj : warning LNK4006: "class ProductSharedMemoryIO * smProductIO" (?smProductIO@@3PEAVProductSharedMemoryIO@@EA) already defined in CProductIOControl.obj; second definition ignored
CProductThread.obj : warning LNK4006: "class ProductSharedMemoryModuleStatus * smProductModuleStatus" (?smProductModuleStatus@@3PEAVProductSharedMemoryModuleStatus@@EA) already defined in CProductIOControl.obj; second definition ignored
CProductThread.obj : warning LNK4006: "class ProductSharedMemoryEvent * smProductEvent" (?smProductEvent@@3PEAVProductSharedMemoryEvent@@EA) already defined in CProductIOControl.obj; second definition ignored
CProductThread.obj : warning LNK4006: "class ProductSharedMemoryGeneral * smProductGeneral" (?smProductGeneral@@3PEAVProductSharedMemoryGeneral@@EA) already defined in CProductIOControl.obj; second definition ignored
CProductThread.obj : warning LNK4006: "__int64 m_TurretDelay" (?m_TurretDelay@@3_JA) already defined in CProductIOControl.obj; second definition ignored
CProductThread.obj : warning LNK4006: "class CLogger * m_cLogger" (?m_cLogger@@3PEAVCLogger@@EA) already defined in CProductIOControl.obj; second definition ignored
CProductThread.obj : warning LNK4006: "class CPlatformShareVariables * m_cPlatformShareVariables" (?m_cPlatformShareVariables@@3PEAVCPlatformShareVariables@@EA) already defined in CProductIOControl.obj; second definition ignored
CProductThread.obj : warning LNK4006: "class CIO * m_cIO" (?m_cIO@@3PEAVCIO@@EA) already defined in CProductIOControl.obj; second definition ignored
CProductThread.obj : warning LNK4006: "class CPlatformIOControl * m_cPlatformIOControl" (?m_cPlatformIOControl@@3PEAVCPlatformIOControl@@EA) already defined in CProductIOControl.obj; second definition ignored
CProductThread.obj : warning LNK4006: "class CMotionLibrary * m_cMotion" (?m_cMotion@@3PEAVCMotionLibrary@@EA) already defined in CProductMain.obj; second definition ignored
CProductThread.obj : warning LNK4006: "class CPlatformMotorControl * m_cPlatformMotorControl" (?m_cPlatformMotorControl@@3PEAVCPlatformMotorControl@@EA) already defined in CProductMain.obj; second definition ignored
CProductThread.obj : warning LNK4006: "class CPlatformStateControl * m_cPlatformStateControl" (?m_cPlatformStateControl@@3PEAVCPlatformStateControl@@EA) already defined in CProductMain.obj; second definition ignored
CProductThread.obj : warning LNK4006: "class CPlatformSequence * m_cPlatformSequence" (?m_cPlatformSequence@@3PEAVCPlatformSequence@@EA) already defined in CProductMain.obj; second definition ignored
CProductThread.obj : warning LNK4006: "class CPlatformThread * m_cPlatformThread" (?m_cPlatformThread@@3PEAVCPlatformThread@@EA) already defined in CProductMain.obj; second definition ignored
CProductThread.obj : warning LNK4006: "class CProductShareVariables * m_cProductShareVariables" (?m_cProductShareVariables@@3PEAVCProductShareVariables@@EA) already defined in CProductIOControl.obj; second definition ignored
CProductThread.obj : warning LNK4006: "class CProductIOControl * m_cProductIOControl" (?m_cProductIOControl@@3PEAVCProductIOControl@@EA) already defined in CProductIOControl.obj; second definition ignored
CProductThread.obj : warning LNK4006: "class CProductMotorControl * m_cProductMotorControl" (?m_cProductMotorControl@@3PEAVCProductMotorControl@@EA) already defined in CProductMain.obj; second definition ignored
CProductThread.obj : warning LNK4006: "class CProductAgito * m_Agito" (?m_Agito@@3PEAVCProductAgito@@EA) already defined in CProductMain.obj; second definition ignored
CProductThread.obj : warning LNK4006: "class CProductStateControl * m_cProductStateControl" (?m_cProductStateControl@@3PEAVCProductStateControl@@EA) already defined in CProductMain.obj; second definition ignored
CProductThread.obj : warning LNK4006: "class CProductSequence * m_cProductSequence" (?m_cProductSequence@@3PEAVCProductSequence@@EA) already defined in CProductMain.obj; second definition ignored
CProductThread.obj : warning LNK4006: "class CProductThread * m_cProductThread" (?m_cProductThread@@3PEAVCProductThread@@EA) already defined in CProductMain.obj; second definition ignored
     Creating library F:\Estek Automation\Project\ETS5000\ETS5000_20210817_2100_SiapBug_UPH - RTX\\Estek Library C++\x64\WinDebug\RProduct.lib and object F:\Estek Automation\Project\ETS5000\ETS5000_20210817_2100_SiapBug_UPH - RTX\\Estek Library C++\x64\WinDebug\RProduct.exp
F:\Estek Automation\Project\ETS5000\ETS5000_20210817_2100_SiapBug_UPH - RTX\x64\WinDebug\RProduct.dll : warning LNK4088: image being generated due to /FORCE option; image may not run
  RProduct.vcxproj -> F:\Estek Automation\Project\ETS5000\ETS5000_20210817_2100_SiapBug_UPH - RTX\x64\WinDebug\RProduct.dll
