f:\estek automation\project\ets5000\ets5000_20210817_2100_siapbug_uph - rtx\rproduct\x64\windebug\vc141.pdb
f:\estek automation\project\ets5000\ets5000_20210817_2100_siapbug_uph - rtx\rproduct\x64\windebug\vc141.idb
f:\estek automation\project\ets5000\ets5000_20210817_2100_siapbug_uph - rtx\rproduct\x64\windebug\rproductexportfunction.obj
f:\estek automation\project\ets5000\ets5000_20210817_2100_siapbug_uph - rtx\rproduct\x64\windebug\rproduct.obj
f:\estek automation\project\ets5000\ets5000_20210817_2100_siapbug_uph - rtx\rproduct\x64\windebug\cproductthread.obj
f:\estek automation\project\ets5000\ets5000_20210817_2100_siapbug_uph - rtx\rproduct\x64\windebug\cproductstatecontrol.obj
f:\estek automation\project\ets5000\ets5000_20210817_2100_siapbug_uph - rtx\rproduct\x64\windebug\cproductsharevariables.obj
f:\estek automation\project\ets5000\ets5000_20210817_2100_siapbug_uph - rtx\rproduct\x64\windebug\cproductsequence.obj
f:\estek automation\project\ets5000\ets5000_20210817_2100_siapbug_uph - rtx\rproduct\x64\windebug\cproductmotorcontrol.obj
f:\estek automation\project\ets5000\ets5000_20210817_2100_siapbug_uph - rtx\rproduct\x64\windebug\cproductmain.obj
f:\estek automation\project\ets5000\ets5000_20210817_2100_siapbug_uph - rtx\rproduct\x64\windebug\cproductiocontrol.obj
f:\estek automation\project\ets5000\ets5000_20210817_2100_siapbug_uph - rtx\x64\windebug\rproduct.dll
f:\estek automation\project\ets5000\ets5000_20210817_2100_siapbug_uph - rtx\x64\windebug\rproduct.pdb
f:\estek automation\project\ets5000\ets5000_20210817_2100_siapbug_uph - rtx\estek library c++\x64\windebug\rproduct.lib
f:\estek automation\project\ets5000\ets5000_20210817_2100_siapbug_uph - rtx\estek library c++\x64\windebug\rproduct.exp
f:\estek automation\project\ets5000\ets5000_20210817_2100_siapbug_uph - rtx\rproduct\x64\windebug\rproduct.tlog\cl.command.1.tlog
f:\estek automation\project\ets5000\ets5000_20210817_2100_siapbug_uph - rtx\rproduct\x64\windebug\rproduct.tlog\cl.read.1.tlog
f:\estek automation\project\ets5000\ets5000_20210817_2100_siapbug_uph - rtx\rproduct\x64\windebug\rproduct.tlog\cl.write.1.tlog
f:\estek automation\project\ets5000\ets5000_20210817_2100_siapbug_uph - rtx\rproduct\x64\windebug\rproduct.tlog\link.command.1.tlog
f:\estek automation\project\ets5000\ets5000_20210817_2100_siapbug_uph - rtx\rproduct\x64\windebug\rproduct.tlog\link.read.1.tlog
f:\estek automation\project\ets5000\ets5000_20210817_2100_siapbug_uph - rtx\rproduct\x64\windebug\rproduct.tlog\link.write.1.tlog
f:\estek automation\project\ets5000\ets5000_20210817_2100_siapbug_uph - rtx\rproduct\x64\windebug\rproduct.tlog\rproduct.write.1u.tlog
