d:\estek automation\code\els1200-nissei\rproduct\x64\release\vc141.pdb
d:\estek automation\code\els1200-nissei\rproduct\x64\release\rproductexportfunction.obj
d:\estek automation\code\els1200-nissei\rproduct\x64\release\rproduct.obj
d:\estek automation\code\els1200-nissei\rproduct\x64\release\cproductthread.obj
d:\estek automation\code\els1200-nissei\rproduct\x64\release\cproductstatecontrol.obj
d:\estek automation\code\els1200-nissei\rproduct\x64\release\cproductsharevariables.obj
d:\estek automation\code\els1200-nissei\rproduct\x64\release\cproductsequencepickandplace2.obj
d:\estek automation\code\els1200-nissei\rproduct\x64\release\cproductsequencepickandplace1.obj
d:\estek automation\code\els1200-nissei\rproduct\x64\release\cproductsequenceoutputandrejecttraytable.obj
d:\estek automation\code\els1200-nissei\rproduct\x64\release\cproductsequenceinputtraytable.obj
d:\estek automation\code\els1200-nissei\rproduct\x64\release\cproductsequence.obj
d:\estek automation\code\els1200-nissei\rproduct\x64\release\cproductmotorcontrol.obj
d:\estek automation\code\els1200-nissei\rproduct\x64\release\cproductmain.obj
d:\estek automation\code\els1200-nissei\rproduct\x64\release\cproductiocontrol.obj
d:\estek automation\code\els1200-nissei\x64\release\rproduct.dll
d:\estek automation\code\els1200-nissei\x64\release\rproduct.pdb
d:\estek automation\code\els1200-nissei\estek library c++\x64\release\rproduct.lib
d:\estek automation\code\els1200-nissei\estek library c++\x64\release\rproduct.exp
d:\estek automation\code\els1200-nissei\x64\release\rproduct.ipdb
d:\estek automation\code\els1200-nissei\x64\release\rproduct.iobj
d:\estek automation\steven\move on\els1200-nissei\rproduct\x64\release\cproductiocontrol.obj
d:\estek automation\steven\move on\els1200-nissei\rproduct\x64\release\cproductmain.obj
d:\estek automation\steven\move on\els1200-nissei\rproduct\x64\release\cproductmotorcontrol.obj
d:\estek automation\steven\move on\els1200-nissei\rproduct\x64\release\cproductsequence.obj
d:\estek automation\steven\move on\els1200-nissei\rproduct\x64\release\cproductsequenceinputtraytable.obj
d:\estek automation\steven\move on\els1200-nissei\rproduct\x64\release\cproductsequenceoutputandrejecttraytable.obj
d:\estek automation\steven\move on\els1200-nissei\rproduct\x64\release\cproductsequencepickandplace1.obj
d:\estek automation\steven\move on\els1200-nissei\rproduct\x64\release\cproductsequencepickandplace2.obj
d:\estek automation\steven\move on\els1200-nissei\rproduct\x64\release\cproductsharevariables.obj
d:\estek automation\steven\move on\els1200-nissei\rproduct\x64\release\cproductstatecontrol.obj
d:\estek automation\steven\move on\els1200-nissei\rproduct\x64\release\cproductthread.obj
d:\estek automation\steven\move on\els1200-nissei\rproduct\x64\release\rproduct.obj
d:\estek automation\steven\move on\els1200-nissei\rproduct\x64\release\rproductexportfunction.obj
d:\estek automation\steven\move on\els1200-nissei\rproduct\x64\release\vc141.pdb
d:\estek automation\steven\move on\els1200-nissei\x64\release\rproduct.pdb
d:\estek automation\steven\move on\els1200-nissei\x64\release\rproduct.dll
d:\estek automation\steven\move on\els1200-nissei\rproduct\x64\release\rproduct.tlog\cl.command.1.tlog
d:\estek automation\steven\move on\els1200-nissei\rproduct\x64\release\rproduct.tlog\cl.read.1.tlog
d:\estek automation\steven\move on\els1200-nissei\rproduct\x64\release\rproduct.tlog\cl.write.1.tlog
d:\estek automation\steven\move on\els1200-nissei\rproduct\x64\release\rproduct.tlog\link.command.1.tlog
d:\estek automation\steven\move on\els1200-nissei\rproduct\x64\release\rproduct.tlog\link.read.1.tlog
d:\estek automation\steven\move on\els1200-nissei\rproduct\x64\release\rproduct.tlog\link.write.1.tlog
d:\estek automation\steven\move on\els1200-nissei\rproduct\x64\release\rproduct.tlog\rproduct.write.1u.tlog
