d:\estek automation\els1200 - github\rtxlibrary\x64\winrelease\vc141.pdb
d:\estek automation\els1200 - github\rtxlibrary\x64\winrelease\rtxlibraryexportfunction.obj
d:\estek automation\els1200 - github\rtxlibrary\x64\winrelease\rtxlibrary.obj
d:\estek\release\rtxlibrary.dll
d:\estek\release\rtxlibrary.pdb
d:\estek automation\els1200 - github\rtxlibrary\x64\winrelease\resource.res
d:\estek automation\els1200 - github\estek library c++\x64\winrelease\rtxlibrary.lib
d:\estek automation\els1200 - github\estek library c++\x64\winrelease\rtxlibrary.exp
d:\estek\release\rtxlibrary.ipdb
d:\estek\release\rtxlibrary.iobj
d:\estek automation\els1200 - github\rtxlibrary\x64\winrelease\rtxlibrary.tlog\cl.command.1.tlog
d:\estek automation\els1200 - github\rtxlibrary\x64\winrelease\rtxlibrary.tlog\cl.read.1.tlog
d:\estek automation\els1200 - github\rtxlibrary\x64\winrelease\rtxlibrary.tlog\cl.write.1.tlog
d:\estek automation\els1200 - github\rtxlibrary\x64\winrelease\rtxlibrary.tlog\link.command.1.tlog
d:\estek automation\els1200 - github\rtxlibrary\x64\winrelease\rtxlibrary.tlog\link.read.1.tlog
d:\estek automation\els1200 - github\rtxlibrary\x64\winrelease\rtxlibrary.tlog\link.write.1.tlog
d:\estek automation\els1200 - github\rtxlibrary\x64\winrelease\rtxlibrary.tlog\rc.command.1.tlog
d:\estek automation\els1200 - github\rtxlibrary\x64\winrelease\rtxlibrary.tlog\rc.read.1.tlog
d:\estek automation\els1200 - github\rtxlibrary\x64\winrelease\rtxlibrary.tlog\rc.write.1.tlog
d:\estek automation\els1200 - github\rtxlibrary\x64\winrelease\rtxlibrary.tlog\rtxlibrary.write.1u.tlog
