f:\estek automation\project\ets5000\ets5000_20210817_2100_siapbug_uph - rtx\rcustomer\x64\windebug\vc141.pdb
f:\estek automation\project\ets5000\ets5000_20210817_2100_siapbug_uph - rtx\rcustomer\x64\windebug\vc141.idb
f:\estek automation\project\ets5000\ets5000_20210817_2100_siapbug_uph - rtx\rcustomer\x64\windebug\rcustomerexportfunction.obj
f:\estek automation\project\ets5000\ets5000_20210817_2100_siapbug_uph - rtx\rcustomer\x64\windebug\rcustomer.obj
f:\estek automation\project\ets5000\ets5000_20210817_2100_siapbug_uph - rtx\rcustomer\x64\windebug\ccustomerthread.obj
f:\estek automation\project\ets5000\ets5000_20210817_2100_siapbug_uph - rtx\rcustomer\x64\windebug\ccustomerstatecontrol.obj
f:\estek automation\project\ets5000\ets5000_20210817_2100_siapbug_uph - rtx\rcustomer\x64\windebug\ccustomersharevariables.obj
f:\estek automation\project\ets5000\ets5000_20210817_2100_siapbug_uph - rtx\rcustomer\x64\windebug\ccustomersequence.obj
f:\estek automation\project\ets5000\ets5000_20210817_2100_siapbug_uph - rtx\rcustomer\x64\windebug\ccustomermotorcontrol.obj
f:\estek automation\project\ets5000\ets5000_20210817_2100_siapbug_uph - rtx\rcustomer\x64\windebug\ccustomermain.obj
f:\estek automation\project\ets5000\ets5000_20210817_2100_siapbug_uph - rtx\rcustomer\x64\windebug\ccustomeriocontrol.obj
f:\estek automation\project\ets5000\ets5000_20210817_2100_siapbug_uph - rtx\x64\windebug\rcustomer.dll
f:\estek automation\project\ets5000\ets5000_20210817_2100_siapbug_uph - rtx\x64\windebug\rcustomer.pdb
f:\estek automation\project\ets5000\ets5000_20210817_2100_siapbug_uph - rtx\estek library c++\x64\windebug\rcustomer.lib
f:\estek automation\project\ets5000\ets5000_20210817_2100_siapbug_uph - rtx\estek library c++\x64\windebug\rcustomer.exp
f:\estek automation\project\ets5000\ets5000_20210817_2100_siapbug_uph - rtx\rcustomer\x64\windebug\rcustomer.tlog\cl.command.1.tlog
f:\estek automation\project\ets5000\ets5000_20210817_2100_siapbug_uph - rtx\rcustomer\x64\windebug\rcustomer.tlog\cl.read.1.tlog
f:\estek automation\project\ets5000\ets5000_20210817_2100_siapbug_uph - rtx\rcustomer\x64\windebug\rcustomer.tlog\cl.write.1.tlog
f:\estek automation\project\ets5000\ets5000_20210817_2100_siapbug_uph - rtx\rcustomer\x64\windebug\rcustomer.tlog\link.command.1.tlog
f:\estek automation\project\ets5000\ets5000_20210817_2100_siapbug_uph - rtx\rcustomer\x64\windebug\rcustomer.tlog\link.read.1.tlog
f:\estek automation\project\ets5000\ets5000_20210817_2100_siapbug_uph - rtx\rcustomer\x64\windebug\rcustomer.tlog\link.write.1.tlog
f:\estek automation\project\ets5000\ets5000_20210817_2100_siapbug_uph - rtx\rcustomer\x64\windebug\rcustomer.tlog\rcustomer.write.1u.tlog
