  CCustomerIOControl.cpp
  CCustomerMain.cpp
d:\estek automation\els1200 - github\include\pch.h(13): warning C4067: unexpected tokens following preprocessor directive - expected a newline
d:\estek automation\els1200 - github\include\cproductsequence.h(40): warning C4091: 'typedef ': ignored on left of 'CProductSequence::InputUnitInfo' when no variable is declared
d:\estek automation\els1200 - github\include\cproductsequence.h(48): warning C4091: 'typedef ': ignored on left of 'CProductSequence::FiducialFeedback' when no variable is declared
d:\estek automation\els1200 - github\include\cproductsequence.h(54): warning C4091: 'typedef ': ignored on left of 'CProductSequence::Position' when no variable is declared
d:\estek automation\els1200 - github\include\cproductsequence.h(61): warning C4091: 'typedef ': ignored on left of 'CProductSequence::ThetaResult' when no variable is declared
  CCustomerMotorControl.cpp
d:\estek automation\els1200 - github\include\pch.h(13): warning C4067: unexpected tokens following preprocessor directive - expected a newline
  CCustomerSequence.cpp
d:\estek automation\els1200 - github\include\pch.h(13): warning C4067: unexpected tokens following preprocessor directive - expected a newline
d:\estek automation\els1200 - github\include\cproductsequence.h(40): warning C4091: 'typedef ': ignored on left of 'CProductSequence::InputUnitInfo' when no variable is declared
d:\estek automation\els1200 - github\include\cproductsequence.h(48): warning C4091: 'typedef ': ignored on left of 'CProductSequence::FiducialFeedback' when no variable is declared
d:\estek automation\els1200 - github\include\cproductsequence.h(54): warning C4091: 'typedef ': ignored on left of 'CProductSequence::Position' when no variable is declared
d:\estek automation\els1200 - github\include\cproductsequence.h(61): warning C4091: 'typedef ': ignored on left of 'CProductSequence::ThetaResult' when no variable is declared
  CCustomerShareVariables.cpp
  CCustomerStateControl.cpp
d:\estek automation\els1200 - github\include\pch.h(13): warning C4067: unexpected tokens following preprocessor directive - expected a newline
  CCustomerThread.cpp
d:\estek automation\els1200 - github\include\pch.h(13): warning C4067: unexpected tokens following preprocessor directive - expected a newline
d:\estek automation\els1200 - github\include\cproductsequence.h(40): warning C4091: 'typedef ': ignored on left of 'CProductSequence::InputUnitInfo' when no variable is declared
d:\estek automation\els1200 - github\include\cproductsequence.h(48): warning C4091: 'typedef ': ignored on left of 'CProductSequence::FiducialFeedback' when no variable is declared
d:\estek automation\els1200 - github\include\cproductsequence.h(54): warning C4091: 'typedef ': ignored on left of 'CProductSequence::Position' when no variable is declared
d:\estek automation\els1200 - github\include\cproductsequence.h(61): warning C4091: 'typedef ': ignored on left of 'CProductSequence::ThetaResult' when no variable is declared
  RCustomer.cpp
  RCustomerExportFunction.cpp
  Generating Code...
CCustomerMain.obj : warning LNK4006: "class VisionModule PickAndPlaceCurrentVisionModule" (?PickAndPlaceCurrentVisionModule@@3VVisionModule@@A) already defined in CCustomerIOControl.obj; second definition ignored
CCustomerMain.obj : warning LNK4006: "class PickAndPlaceStation PickAndPlaceCurrentStation" (?PickAndPlaceCurrentStation@@3VPickAndPlaceStation@@A) already defined in CCustomerIOControl.obj; second definition ignored
CCustomerMain.obj : warning LNK4006: "class CustomerSharedMemorySetting * smCustomerSetting" (?smCustomerSetting@@3PEAVCustomerSharedMemorySetting@@EA) already defined in CCustomerIOControl.obj; second definition ignored
CCustomerMain.obj : warning LNK4006: "class CustomerSharedMemoryTeachPoint * smCustomerTeachPoint" (?smCustomerTeachPoint@@3PEAVCustomerSharedMemoryTeachPoint@@EA) already defined in CCustomerIOControl.obj; second definition ignored
CCustomerMain.obj : warning LNK4006: "class CustomerSharedMemoryProduction * smCustomerProduction" (?smCustomerProduction@@3PEAVCustomerSharedMemoryProduction@@EA) already defined in CCustomerIOControl.obj; second definition ignored
CCustomerMain.obj : warning LNK4006: "class CustomerSharedMemoryCustomize * smCustomerCustomize" (?smCustomerCustomize@@3PEAVCustomerSharedMemoryCustomize@@EA) already defined in CCustomerIOControl.obj; second definition ignored
CCustomerMain.obj : warning LNK4006: "class CustomerSharedMemoryIO * smCustomerIO" (?smCustomerIO@@3PEAVCustomerSharedMemoryIO@@EA) already defined in CCustomerIOControl.obj; second definition ignored
CCustomerMain.obj : warning LNK4006: "class CustomerSharedMemoryModuleStatus * smCustomerModuleStatus" (?smCustomerModuleStatus@@3PEAVCustomerSharedMemoryModuleStatus@@EA) already defined in CCustomerIOControl.obj; second definition ignored
CCustomerMain.obj : warning LNK4006: "class CustomerSharedMemoryEvent * smCustomerEvent" (?smCustomerEvent@@3PEAVCustomerSharedMemoryEvent@@EA) already defined in CCustomerIOControl.obj; second definition ignored
CCustomerMain.obj : warning LNK4006: "class CustomerSharedMemoryGeneral * smCustomerGeneral" (?smCustomerGeneral@@3PEAVCustomerSharedMemoryGeneral@@EA) already defined in CCustomerIOControl.obj; second definition ignored
CCustomerMain.obj : warning LNK4006: "class SharedMemorySetting * smSetting" (?smSetting@@3PEAVSharedMemorySetting@@EA) already defined in CCustomerIOControl.obj; second definition ignored
CCustomerMain.obj : warning LNK4006: "class SharedMemoryTeachPoint * smTeachPoint" (?smTeachPoint@@3PEAVSharedMemoryTeachPoint@@EA) already defined in CCustomerIOControl.obj; second definition ignored
CCustomerMain.obj : warning LNK4006: "class SharedMemoryProduction * smProduction" (?smProduction@@3PEAVSharedMemoryProduction@@EA) already defined in CCustomerIOControl.obj; second definition ignored
CCustomerMain.obj : warning LNK4006: "class SharedMemoryCustomize * smCustomize" (?smCustomize@@3PEAVSharedMemoryCustomize@@EA) already defined in CCustomerIOControl.obj; second definition ignored
CCustomerMain.obj : warning LNK4006: "class SharedMemoryIO * smIO" (?smIO@@3PEAVSharedMemoryIO@@EA) already defined in CCustomerIOControl.obj; second definition ignored
CCustomerMain.obj : warning LNK4006: "class SharedMemoryModuleStatus * smModuleStatus" (?smModuleStatus@@3PEAVSharedMemoryModuleStatus@@EA) already defined in CCustomerIOControl.obj; second definition ignored
CCustomerMain.obj : warning LNK4006: "class SharedMemoryEvent * smEvent" (?smEvent@@3PEAVSharedMemoryEvent@@EA) already defined in CCustomerIOControl.obj; second definition ignored
CCustomerMain.obj : warning LNK4006: "class SharedMemoryGeneral * smGeneral" (?smGeneral@@3PEAVSharedMemoryGeneral@@EA) already defined in CCustomerIOControl.obj; second definition ignored
CCustomerMain.obj : warning LNK4006: "class ProductSharedMemorySetting * smProductSetting" (?smProductSetting@@3PEAVProductSharedMemorySetting@@EA) already defined in CCustomerIOControl.obj; second definition ignored
CCustomerMain.obj : warning LNK4006: "class ProductSharedMemoryTeachPoint * smProductTeachPoint" (?smProductTeachPoint@@3PEAVProductSharedMemoryTeachPoint@@EA) already defined in CCustomerIOControl.obj; second definition ignored
CCustomerMain.obj : warning LNK4006: "class ProductSharedMemoryProduction * smProductProduction" (?smProductProduction@@3PEAVProductSharedMemoryProduction@@EA) already defined in CCustomerIOControl.obj; second definition ignored
CCustomerMain.obj : warning LNK4006: "class ProductSharedMemoryCustomize * smProductCustomize" (?smProductCustomize@@3PEAVProductSharedMemoryCustomize@@EA) already defined in CCustomerIOControl.obj; second definition ignored
CCustomerMain.obj : warning LNK4006: "class ProductSharedMemoryIO * smProductIO" (?smProductIO@@3PEAVProductSharedMemoryIO@@EA) already defined in CCustomerIOControl.obj; second definition ignored
CCustomerMain.obj : warning LNK4006: "class ProductSharedMemoryModuleStatus * smProductModuleStatus" (?smProductModuleStatus@@3PEAVProductSharedMemoryModuleStatus@@EA) already defined in CCustomerIOControl.obj; second definition ignored
CCustomerMain.obj : warning LNK4006: "class ProductSharedMemoryEvent * smProductEvent" (?smProductEvent@@3PEAVProductSharedMemoryEvent@@EA) already defined in CCustomerIOControl.obj; second definition ignored
CCustomerMain.obj : warning LNK4006: "class ProductSharedMemoryGeneral * smProductGeneral" (?smProductGeneral@@3PEAVProductSharedMemoryGeneral@@EA) already defined in CCustomerIOControl.obj; second definition ignored
CCustomerMain.obj : warning LNK4006: "__int64 m_TurretDelay" (?m_TurretDelay@@3_JA) already defined in CCustomerIOControl.obj; second definition ignored
CCustomerMain.obj : warning LNK4006: "class CLogger * m_cLogger" (?m_cLogger@@3PEAVCLogger@@EA) already defined in CCustomerIOControl.obj; second definition ignored
CCustomerMain.obj : warning LNK4006: "class CPlatformShareVariables * m_cPlatformShareVariables" (?m_cPlatformShareVariables@@3PEAVCPlatformShareVariables@@EA) already defined in CCustomerIOControl.obj; second definition ignored
CCustomerMain.obj : warning LNK4006: "class CIO * m_cIO" (?m_cIO@@3PEAVCIO@@EA) already defined in CCustomerIOControl.obj; second definition ignored
CCustomerMain.obj : warning LNK4006: "class CPlatformIOControl * m_cPlatformIOControl" (?m_cPlatformIOControl@@3PEAVCPlatformIOControl@@EA) already defined in CCustomerIOControl.obj; second definition ignored
CCustomerMain.obj : warning LNK4006: "class CProductShareVariables * m_cProductShareVariables" (?m_cProductShareVariables@@3PEAVCProductShareVariables@@EA) already defined in CCustomerIOControl.obj; second definition ignored
CCustomerMain.obj : warning LNK4006: "class CProductIOControl * m_cProductIOControl" (?m_cProductIOControl@@3PEAVCProductIOControl@@EA) already defined in CCustomerIOControl.obj; second definition ignored
CCustomerMain.obj : warning LNK4006: "class CCustomerShareVariables * m_cCustomerShareVariables" (?m_cCustomerShareVariables@@3PEAVCCustomerShareVariables@@EA) already defined in CCustomerIOControl.obj; second definition ignored
CCustomerMain.obj : warning LNK4006: "class CCustomerIOControl * m_cCustomerIOControl" (?m_cCustomerIOControl@@3PEAVCCustomerIOControl@@EA) already defined in CCustomerIOControl.obj; second definition ignored
CCustomerMotorControl.obj : warning LNK4006: "class CustomerSharedMemorySetting * smCustomerSetting" (?smCustomerSetting@@3PEAVCustomerSharedMemorySetting@@EA) already defined in CCustomerIOControl.obj; second definition ignored
CCustomerMotorControl.obj : warning LNK4006: "class CustomerSharedMemoryTeachPoint * smCustomerTeachPoint" (?smCustomerTeachPoint@@3PEAVCustomerSharedMemoryTeachPoint@@EA) already defined in CCustomerIOControl.obj; second definition ignored
CCustomerMotorControl.obj : warning LNK4006: "class CustomerSharedMemoryProduction * smCustomerProduction" (?smCustomerProduction@@3PEAVCustomerSharedMemoryProduction@@EA) already defined in CCustomerIOControl.obj; second definition ignored
CCustomerMotorControl.obj : warning LNK4006: "class CustomerSharedMemoryCustomize * smCustomerCustomize" (?smCustomerCustomize@@3PEAVCustomerSharedMemoryCustomize@@EA) already defined in CCustomerIOControl.obj; second definition ignored
CCustomerMotorControl.obj : warning LNK4006: "class CustomerSharedMemoryIO * smCustomerIO" (?smCustomerIO@@3PEAVCustomerSharedMemoryIO@@EA) already defined in CCustomerIOControl.obj; second definition ignored
CCustomerMotorControl.obj : warning LNK4006: "class CustomerSharedMemoryModuleStatus * smCustomerModuleStatus" (?smCustomerModuleStatus@@3PEAVCustomerSharedMemoryModuleStatus@@EA) already defined in CCustomerIOControl.obj; second definition ignored
CCustomerMotorControl.obj : warning LNK4006: "class CustomerSharedMemoryEvent * smCustomerEvent" (?smCustomerEvent@@3PEAVCustomerSharedMemoryEvent@@EA) already defined in CCustomerIOControl.obj; second definition ignored
CCustomerMotorControl.obj : warning LNK4006: "class CustomerSharedMemoryGeneral * smCustomerGeneral" (?smCustomerGeneral@@3PEAVCustomerSharedMemoryGeneral@@EA) already defined in CCustomerIOControl.obj; second definition ignored
CCustomerMotorControl.obj : warning LNK4006: "class VisionModule PickAndPlaceCurrentVisionModule" (?PickAndPlaceCurrentVisionModule@@3VVisionModule@@A) already defined in CCustomerIOControl.obj; second definition ignored
CCustomerMotorControl.obj : warning LNK4006: "class PickAndPlaceStation PickAndPlaceCurrentStation" (?PickAndPlaceCurrentStation@@3VPickAndPlaceStation@@A) already defined in CCustomerIOControl.obj; second definition ignored
CCustomerMotorControl.obj : warning LNK4006: "class SharedMemorySetting * smSetting" (?smSetting@@3PEAVSharedMemorySetting@@EA) already defined in CCustomerIOControl.obj; second definition ignored
CCustomerMotorControl.obj : warning LNK4006: "class SharedMemoryTeachPoint * smTeachPoint" (?smTeachPoint@@3PEAVSharedMemoryTeachPoint@@EA) already defined in CCustomerIOControl.obj; second definition ignored
CCustomerMotorControl.obj : warning LNK4006: "class SharedMemoryProduction * smProduction" (?smProduction@@3PEAVSharedMemoryProduction@@EA) already defined in CCustomerIOControl.obj; second definition ignored
CCustomerMotorControl.obj : warning LNK4006: "class SharedMemoryCustomize * smCustomize" (?smCustomize@@3PEAVSharedMemoryCustomize@@EA) already defined in CCustomerIOControl.obj; second definition ignored
CCustomerMotorControl.obj : warning LNK4006: "class SharedMemoryIO * smIO" (?smIO@@3PEAVSharedMemoryIO@@EA) already defined in CCustomerIOControl.obj; second definition ignored
CCustomerMotorControl.obj : warning LNK4006: "class SharedMemoryModuleStatus * smModuleStatus" (?smModuleStatus@@3PEAVSharedMemoryModuleStatus@@EA) already defined in CCustomerIOControl.obj; second definition ignored
CCustomerMotorControl.obj : warning LNK4006: "class SharedMemoryEvent * smEvent" (?smEvent@@3PEAVSharedMemoryEvent@@EA) already defined in CCustomerIOControl.obj; second definition ignored
CCustomerMotorControl.obj : warning LNK4006: "class SharedMemoryGeneral * smGeneral" (?smGeneral@@3PEAVSharedMemoryGeneral@@EA) already defined in CCustomerIOControl.obj; second definition ignored
CCustomerMotorControl.obj : warning LNK4006: "class ProductSharedMemorySetting * smProductSetting" (?smProductSetting@@3PEAVProductSharedMemorySetting@@EA) already defined in CCustomerIOControl.obj; second definition ignored
CCustomerMotorControl.obj : warning LNK4006: "class ProductSharedMemoryTeachPoint * smProductTeachPoint" (?smProductTeachPoint@@3PEAVProductSharedMemoryTeachPoint@@EA) already defined in CCustomerIOControl.obj; second definition ignored
CCustomerMotorControl.obj : warning LNK4006: "class ProductSharedMemoryProduction * smProductProduction" (?smProductProduction@@3PEAVProductSharedMemoryProduction@@EA) already defined in CCustomerIOControl.obj; second definition ignored
CCustomerMotorControl.obj : warning LNK4006: "class ProductSharedMemoryCustomize * smProductCustomize" (?smProductCustomize@@3PEAVProductSharedMemoryCustomize@@EA) already defined in CCustomerIOControl.obj; second definition ignored
CCustomerMotorControl.obj : warning LNK4006: "class ProductSharedMemoryIO * smProductIO" (?smProductIO@@3PEAVProductSharedMemoryIO@@EA) already defined in CCustomerIOControl.obj; second definition ignored
CCustomerMotorControl.obj : warning LNK4006: "class ProductSharedMemoryModuleStatus * smProductModuleStatus" (?smProductModuleStatus@@3PEAVProductSharedMemoryModuleStatus@@EA) already defined in CCustomerIOControl.obj; second definition ignored
CCustomerMotorControl.obj : warning LNK4006: "class ProductSharedMemoryEvent * smProductEvent" (?smProductEvent@@3PEAVProductSharedMemoryEvent@@EA) already defined in CCustomerIOControl.obj; second definition ignored
CCustomerMotorControl.obj : warning LNK4006: "class ProductSharedMemoryGeneral * smProductGeneral" (?smProductGeneral@@3PEAVProductSharedMemoryGeneral@@EA) already defined in CCustomerIOControl.obj; second definition ignored
CCustomerMotorControl.obj : warning LNK4006: "__int64 m_TurretDelay" (?m_TurretDelay@@3_JA) already defined in CCustomerIOControl.obj; second definition ignored
CCustomerMotorControl.obj : warning LNK4006: "class CLogger * m_cLogger" (?m_cLogger@@3PEAVCLogger@@EA) already defined in CCustomerIOControl.obj; second definition ignored
CCustomerMotorControl.obj : warning LNK4006: "class CPlatformShareVariables * m_cPlatformShareVariables" (?m_cPlatformShareVariables@@3PEAVCPlatformShareVariables@@EA) already defined in CCustomerIOControl.obj; second definition ignored
CCustomerMotorControl.obj : warning LNK4006: "class CIO * m_cIO" (?m_cIO@@3PEAVCIO@@EA) already defined in CCustomerIOControl.obj; second definition ignored
CCustomerMotorControl.obj : warning LNK4006: "class CPlatformIOControl * m_cPlatformIOControl" (?m_cPlatformIOControl@@3PEAVCPlatformIOControl@@EA) already defined in CCustomerIOControl.obj; second definition ignored
CCustomerMotorControl.obj : warning LNK4006: "class CMotionLibrary * m_cMotion" (?m_cMotion@@3PEAVCMotionLibrary@@EA) already defined in CCustomerMain.obj; second definition ignored
CCustomerMotorControl.obj : warning LNK4006: "class CPlatformMotorControl * m_cPlatformMotorControl" (?m_cPlatformMotorControl@@3PEAVCPlatformMotorControl@@EA) already defined in CCustomerMain.obj; second definition ignored
CCustomerMotorControl.obj : warning LNK4006: "class CProductShareVariables * m_cProductShareVariables" (?m_cProductShareVariables@@3PEAVCProductShareVariables@@EA) already defined in CCustomerIOControl.obj; second definition ignored
CCustomerMotorControl.obj : warning LNK4006: "class CProductIOControl * m_cProductIOControl" (?m_cProductIOControl@@3PEAVCProductIOControl@@EA) already defined in CCustomerIOControl.obj; second definition ignored
CCustomerMotorControl.obj : warning LNK4006: "class CProductMotorControl * m_cProductMotorControl" (?m_cProductMotorControl@@3PEAVCProductMotorControl@@EA) already defined in CCustomerMain.obj; second definition ignored
CCustomerMotorControl.obj : warning LNK4006: "class CProductAgito * m_Agito" (?m_Agito@@3PEAVCProductAgito@@EA) already defined in CCustomerMain.obj; second definition ignored
CCustomerMotorControl.obj : warning LNK4006: "class CCustomerShareVariables * m_cCustomerShareVariables" (?m_cCustomerShareVariables@@3PEAVCCustomerShareVariables@@EA) already defined in CCustomerIOControl.obj; second definition ignored
CCustomerMotorControl.obj : warning LNK4006: "class CCustomerIOControl * m_cCustomerIOControl" (?m_cCustomerIOControl@@3PEAVCCustomerIOControl@@EA) already defined in CCustomerIOControl.obj; second definition ignored
CCustomerMotorControl.obj : warning LNK4006: "class CCustomerMotorControl * m_cCustomerMotorControl" (?m_cCustomerMotorControl@@3PEAVCCustomerMotorControl@@EA) already defined in CCustomerMain.obj; second definition ignored
CCustomerSequence.obj : warning LNK4006: "class VisionModule PickAndPlaceCurrentVisionModule" (?PickAndPlaceCurrentVisionModule@@3VVisionModule@@A) already defined in CCustomerIOControl.obj; second definition ignored
CCustomerSequence.obj : warning LNK4006: "class PickAndPlaceStation PickAndPlaceCurrentStation" (?PickAndPlaceCurrentStation@@3VPickAndPlaceStation@@A) already defined in CCustomerIOControl.obj; second definition ignored
CCustomerSequence.obj : warning LNK4006: "class CustomerSharedMemorySetting * smCustomerSetting" (?smCustomerSetting@@3PEAVCustomerSharedMemorySetting@@EA) already defined in CCustomerIOControl.obj; second definition ignored
CCustomerSequence.obj : warning LNK4006: "class CustomerSharedMemoryTeachPoint * smCustomerTeachPoint" (?smCustomerTeachPoint@@3PEAVCustomerSharedMemoryTeachPoint@@EA) already defined in CCustomerIOControl.obj; second definition ignored
CCustomerSequence.obj : warning LNK4006: "class CustomerSharedMemoryProduction * smCustomerProduction" (?smCustomerProduction@@3PEAVCustomerSharedMemoryProduction@@EA) already defined in CCustomerIOControl.obj; second definition ignored
CCustomerSequence.obj : warning LNK4006: "class CustomerSharedMemoryCustomize * smCustomerCustomize" (?smCustomerCustomize@@3PEAVCustomerSharedMemoryCustomize@@EA) already defined in CCustomerIOControl.obj; second definition ignored
CCustomerSequence.obj : warning LNK4006: "class CustomerSharedMemoryIO * smCustomerIO" (?smCustomerIO@@3PEAVCustomerSharedMemoryIO@@EA) already defined in CCustomerIOControl.obj; second definition ignored
CCustomerSequence.obj : warning LNK4006: "class CustomerSharedMemoryModuleStatus * smCustomerModuleStatus" (?smCustomerModuleStatus@@3PEAVCustomerSharedMemoryModuleStatus@@EA) already defined in CCustomerIOControl.obj; second definition ignored
CCustomerSequence.obj : warning LNK4006: "class CustomerSharedMemoryEvent * smCustomerEvent" (?smCustomerEvent@@3PEAVCustomerSharedMemoryEvent@@EA) already defined in CCustomerIOControl.obj; second definition ignored
CCustomerSequence.obj : warning LNK4006: "class CustomerSharedMemoryGeneral * smCustomerGeneral" (?smCustomerGeneral@@3PEAVCustomerSharedMemoryGeneral@@EA) already defined in CCustomerIOControl.obj; second definition ignored
CCustomerSequence.obj : warning LNK4006: "class SharedMemorySetting * smSetting" (?smSetting@@3PEAVSharedMemorySetting@@EA) already defined in CCustomerIOControl.obj; second definition ignored
CCustomerSequence.obj : warning LNK4006: "class SharedMemoryTeachPoint * smTeachPoint" (?smTeachPoint@@3PEAVSharedMemoryTeachPoint@@EA) already defined in CCustomerIOControl.obj; second definition ignored
CCustomerSequence.obj : warning LNK4006: "class SharedMemoryProduction * smProduction" (?smProduction@@3PEAVSharedMemoryProduction@@EA) already defined in CCustomerIOControl.obj; second definition ignored
CCustomerSequence.obj : warning LNK4006: "class SharedMemoryCustomize * smCustomize" (?smCustomize@@3PEAVSharedMemoryCustomize@@EA) already defined in CCustomerIOControl.obj; second definition ignored
CCustomerSequence.obj : warning LNK4006: "class SharedMemoryIO * smIO" (?smIO@@3PEAVSharedMemoryIO@@EA) already defined in CCustomerIOControl.obj; second definition ignored
CCustomerSequence.obj : warning LNK4006: "class SharedMemoryModuleStatus * smModuleStatus" (?smModuleStatus@@3PEAVSharedMemoryModuleStatus@@EA) already defined in CCustomerIOControl.obj; second definition ignored
CCustomerSequence.obj : warning LNK4006: "class SharedMemoryEvent * smEvent" (?smEvent@@3PEAVSharedMemoryEvent@@EA) already defined in CCustomerIOControl.obj; second definition ignored
CCustomerSequence.obj : warning LNK4006: "class SharedMemoryGeneral * smGeneral" (?smGeneral@@3PEAVSharedMemoryGeneral@@EA) already defined in CCustomerIOControl.obj; second definition ignored
CCustomerSequence.obj : warning LNK4006: "class ProductSharedMemorySetting * smProductSetting" (?smProductSetting@@3PEAVProductSharedMemorySetting@@EA) already defined in CCustomerIOControl.obj; second definition ignored
CCustomerSequence.obj : warning LNK4006: "class ProductSharedMemoryTeachPoint * smProductTeachPoint" (?smProductTeachPoint@@3PEAVProductSharedMemoryTeachPoint@@EA) already defined in CCustomerIOControl.obj; second definition ignored
CCustomerSequence.obj : warning LNK4006: "class ProductSharedMemoryProduction * smProductProduction" (?smProductProduction@@3PEAVProductSharedMemoryProduction@@EA) already defined in CCustomerIOControl.obj; second definition ignored
CCustomerSequence.obj : warning LNK4006: "class ProductSharedMemoryCustomize * smProductCustomize" (?smProductCustomize@@3PEAVProductSharedMemoryCustomize@@EA) already defined in CCustomerIOControl.obj; second definition ignored
CCustomerSequence.obj : warning LNK4006: "class ProductSharedMemoryIO * smProductIO" (?smProductIO@@3PEAVProductSharedMemoryIO@@EA) already defined in CCustomerIOControl.obj; second definition ignored
CCustomerSequence.obj : warning LNK4006: "class ProductSharedMemoryModuleStatus * smProductModuleStatus" (?smProductModuleStatus@@3PEAVProductSharedMemoryModuleStatus@@EA) already defined in CCustomerIOControl.obj; second definition ignored
CCustomerSequence.obj : warning LNK4006: "class ProductSharedMemoryEvent * smProductEvent" (?smProductEvent@@3PEAVProductSharedMemoryEvent@@EA) already defined in CCustomerIOControl.obj; second definition ignored
CCustomerSequence.obj : warning LNK4006: "class ProductSharedMemoryGeneral * smProductGeneral" (?smProductGeneral@@3PEAVProductSharedMemoryGeneral@@EA) already defined in CCustomerIOControl.obj; second definition ignored
CCustomerSequence.obj : warning LNK4006: "__int64 m_TurretDelay" (?m_TurretDelay@@3_JA) already defined in CCustomerIOControl.obj; second definition ignored
CCustomerSequence.obj : warning LNK4006: "class CLogger * m_cLogger" (?m_cLogger@@3PEAVCLogger@@EA) already defined in CCustomerIOControl.obj; second definition ignored
CCustomerSequence.obj : warning LNK4006: "class CPlatformShareVariables * m_cPlatformShareVariables" (?m_cPlatformShareVariables@@3PEAVCPlatformShareVariables@@EA) already defined in CCustomerIOControl.obj; second definition ignored
CCustomerSequence.obj : warning LNK4006: "class CIO * m_cIO" (?m_cIO@@3PEAVCIO@@EA) already defined in CCustomerIOControl.obj; second definition ignored
CCustomerSequence.obj : warning LNK4006: "class CPlatformIOControl * m_cPlatformIOControl" (?m_cPlatformIOControl@@3PEAVCPlatformIOControl@@EA) already defined in CCustomerIOControl.obj; second definition ignored
CCustomerSequence.obj : warning LNK4006: "class CMotionLibrary * m_cMotion" (?m_cMotion@@3PEAVCMotionLibrary@@EA) already defined in CCustomerMain.obj; second definition ignored
CCustomerSequence.obj : warning LNK4006: "class CPlatformMotorControl * m_cPlatformMotorControl" (?m_cPlatformMotorControl@@3PEAVCPlatformMotorControl@@EA) already defined in CCustomerMain.obj; second definition ignored
CCustomerSequence.obj : warning LNK4006: "class CPlatformStateControl * m_cPlatformStateControl" (?m_cPlatformStateControl@@3PEAVCPlatformStateControl@@EA) already defined in CCustomerMain.obj; second definition ignored
CCustomerSequence.obj : warning LNK4006: "class CPlatformSequence * m_cPlatformSequence" (?m_cPlatformSequence@@3PEAVCPlatformSequence@@EA) already defined in CCustomerMain.obj; second definition ignored
CCustomerSequence.obj : warning LNK4006: "class CProductShareVariables * m_cProductShareVariables" (?m_cProductShareVariables@@3PEAVCProductShareVariables@@EA) already defined in CCustomerIOControl.obj; second definition ignored
CCustomerSequence.obj : warning LNK4006: "class CProductIOControl * m_cProductIOControl" (?m_cProductIOControl@@3PEAVCProductIOControl@@EA) already defined in CCustomerIOControl.obj; second definition ignored
CCustomerSequence.obj : warning LNK4006: "class CProductMotorControl * m_cProductMotorControl" (?m_cProductMotorControl@@3PEAVCProductMotorControl@@EA) already defined in CCustomerMain.obj; second definition ignored
CCustomerSequence.obj : warning LNK4006: "class CProductAgito * m_Agito" (?m_Agito@@3PEAVCProductAgito@@EA) already defined in CCustomerMain.obj; second definition ignored
CCustomerSequence.obj : warning LNK4006: "class CProductStateControl * m_cProductStateControl" (?m_cProductStateControl@@3PEAVCProductStateControl@@EA) already defined in CCustomerMain.obj; second definition ignored
CCustomerSequence.obj : warning LNK4006: "class CProductSequence * m_cProductSequence" (?m_cProductSequence@@3PEAVCProductSequence@@EA) already defined in CCustomerMain.obj; second definition ignored
CCustomerSequence.obj : warning LNK4006: "class CCustomerShareVariables * m_cCustomerShareVariables" (?m_cCustomerShareVariables@@3PEAVCCustomerShareVariables@@EA) already defined in CCustomerIOControl.obj; second definition ignored
CCustomerSequence.obj : warning LNK4006: "class CCustomerIOControl * m_cCustomerIOControl" (?m_cCustomerIOControl@@3PEAVCCustomerIOControl@@EA) already defined in CCustomerIOControl.obj; second definition ignored
CCustomerSequence.obj : warning LNK4006: "class CCustomerMotorControl * m_cCustomerMotorControl" (?m_cCustomerMotorControl@@3PEAVCCustomerMotorControl@@EA) already defined in CCustomerMain.obj; second definition ignored
CCustomerSequence.obj : warning LNK4006: "class CCustomerStateControl * m_cCustomerStateControl" (?m_cCustomerStateControl@@3PEAVCCustomerStateControl@@EA) already defined in CCustomerMain.obj; second definition ignored
CCustomerSequence.obj : warning LNK4006: "class CCustomerSequence * m_cCustomerSequence" (?m_cCustomerSequence@@3PEAVCCustomerSequence@@EA) already defined in CCustomerMain.obj; second definition ignored
CCustomerShareVariables.obj : warning LNK4006: "class SharedMemorySetting * smSetting" (?smSetting@@3PEAVSharedMemorySetting@@EA) already defined in CCustomerIOControl.obj; second definition ignored
CCustomerShareVariables.obj : warning LNK4006: "class SharedMemoryTeachPoint * smTeachPoint" (?smTeachPoint@@3PEAVSharedMemoryTeachPoint@@EA) already defined in CCustomerIOControl.obj; second definition ignored
CCustomerShareVariables.obj : warning LNK4006: "class SharedMemoryProduction * smProduction" (?smProduction@@3PEAVSharedMemoryProduction@@EA) already defined in CCustomerIOControl.obj; second definition ignored
CCustomerShareVariables.obj : warning LNK4006: "class SharedMemoryCustomize * smCustomize" (?smCustomize@@3PEAVSharedMemoryCustomize@@EA) already defined in CCustomerIOControl.obj; second definition ignored
CCustomerShareVariables.obj : warning LNK4006: "class SharedMemoryIO * smIO" (?smIO@@3PEAVSharedMemoryIO@@EA) already defined in CCustomerIOControl.obj; second definition ignored
CCustomerShareVariables.obj : warning LNK4006: "class SharedMemoryModuleStatus * smModuleStatus" (?smModuleStatus@@3PEAVSharedMemoryModuleStatus@@EA) already defined in CCustomerIOControl.obj; second definition ignored
CCustomerShareVariables.obj : warning LNK4006: "class SharedMemoryEvent * smEvent" (?smEvent@@3PEAVSharedMemoryEvent@@EA) already defined in CCustomerIOControl.obj; second definition ignored
CCustomerShareVariables.obj : warning LNK4006: "class SharedMemoryGeneral * smGeneral" (?smGeneral@@3PEAVSharedMemoryGeneral@@EA) already defined in CCustomerIOControl.obj; second definition ignored
CCustomerShareVariables.obj : warning LNK4006: "class VisionModule PickAndPlaceCurrentVisionModule" (?PickAndPlaceCurrentVisionModule@@3VVisionModule@@A) already defined in CCustomerIOControl.obj; second definition ignored
CCustomerShareVariables.obj : warning LNK4006: "class PickAndPlaceStation PickAndPlaceCurrentStation" (?PickAndPlaceCurrentStation@@3VPickAndPlaceStation@@A) already defined in CCustomerIOControl.obj; second definition ignored
CCustomerShareVariables.obj : warning LNK4006: "class ProductSharedMemorySetting * smProductSetting" (?smProductSetting@@3PEAVProductSharedMemorySetting@@EA) already defined in CCustomerIOControl.obj; second definition ignored
CCustomerShareVariables.obj : warning LNK4006: "class ProductSharedMemoryTeachPoint * smProductTeachPoint" (?smProductTeachPoint@@3PEAVProductSharedMemoryTeachPoint@@EA) already defined in CCustomerIOControl.obj; second definition ignored
CCustomerShareVariables.obj : warning LNK4006: "class ProductSharedMemoryProduction * smProductProduction" (?smProductProduction@@3PEAVProductSharedMemoryProduction@@EA) already defined in CCustomerIOControl.obj; second definition ignored
CCustomerShareVariables.obj : warning LNK4006: "class ProductSharedMemoryCustomize * smProductCustomize" (?smProductCustomize@@3PEAVProductSharedMemoryCustomize@@EA) already defined in CCustomerIOControl.obj; second definition ignored
CCustomerShareVariables.obj : warning LNK4006: "class ProductSharedMemoryIO * smProductIO" (?smProductIO@@3PEAVProductSharedMemoryIO@@EA) already defined in CCustomerIOControl.obj; second definition ignored
CCustomerShareVariables.obj : warning LNK4006: "class ProductSharedMemoryModuleStatus * smProductModuleStatus" (?smProductModuleStatus@@3PEAVProductSharedMemoryModuleStatus@@EA) already defined in CCustomerIOControl.obj; second definition ignored
CCustomerShareVariables.obj : warning LNK4006: "class ProductSharedMemoryEvent * smProductEvent" (?smProductEvent@@3PEAVProductSharedMemoryEvent@@EA) already defined in CCustomerIOControl.obj; second definition ignored
CCustomerShareVariables.obj : warning LNK4006: "class ProductSharedMemoryGeneral * smProductGeneral" (?smProductGeneral@@3PEAVProductSharedMemoryGeneral@@EA) already defined in CCustomerIOControl.obj; second definition ignored
CCustomerShareVariables.obj : warning LNK4006: "__int64 m_TurretDelay" (?m_TurretDelay@@3_JA) already defined in CCustomerIOControl.obj; second definition ignored
CCustomerShareVariables.obj : warning LNK4006: "class CustomerSharedMemorySetting * smCustomerSetting" (?smCustomerSetting@@3PEAVCustomerSharedMemorySetting@@EA) already defined in CCustomerIOControl.obj; second definition ignored
CCustomerShareVariables.obj : warning LNK4006: "class CustomerSharedMemoryTeachPoint * smCustomerTeachPoint" (?smCustomerTeachPoint@@3PEAVCustomerSharedMemoryTeachPoint@@EA) already defined in CCustomerIOControl.obj; second definition ignored
CCustomerShareVariables.obj : warning LNK4006: "class CustomerSharedMemoryProduction * smCustomerProduction" (?smCustomerProduction@@3PEAVCustomerSharedMemoryProduction@@EA) already defined in CCustomerIOControl.obj; second definition ignored
CCustomerShareVariables.obj : warning LNK4006: "class CustomerSharedMemoryCustomize * smCustomerCustomize" (?smCustomerCustomize@@3PEAVCustomerSharedMemoryCustomize@@EA) already defined in CCustomerIOControl.obj; second definition ignored
CCustomerShareVariables.obj : warning LNK4006: "class CustomerSharedMemoryIO * smCustomerIO" (?smCustomerIO@@3PEAVCustomerSharedMemoryIO@@EA) already defined in CCustomerIOControl.obj; second definition ignored
CCustomerShareVariables.obj : warning LNK4006: "class CustomerSharedMemoryModuleStatus * smCustomerModuleStatus" (?smCustomerModuleStatus@@3PEAVCustomerSharedMemoryModuleStatus@@EA) already defined in CCustomerIOControl.obj; second definition ignored
CCustomerShareVariables.obj : warning LNK4006: "class CustomerSharedMemoryEvent * smCustomerEvent" (?smCustomerEvent@@3PEAVCustomerSharedMemoryEvent@@EA) already defined in CCustomerIOControl.obj; second definition ignored
CCustomerShareVariables.obj : warning LNK4006: "class CustomerSharedMemoryGeneral * smCustomerGeneral" (?smCustomerGeneral@@3PEAVCustomerSharedMemoryGeneral@@EA) already defined in CCustomerIOControl.obj; second definition ignored
CCustomerShareVariables.obj : warning LNK4006: "class CLogger * m_cLogger" (?m_cLogger@@3PEAVCLogger@@EA) already defined in CCustomerIOControl.obj; second definition ignored
CCustomerShareVariables.obj : warning LNK4006: "class CPlatformShareVariables * m_cPlatformShareVariables" (?m_cPlatformShareVariables@@3PEAVCPlatformShareVariables@@EA) already defined in CCustomerIOControl.obj; second definition ignored
CCustomerShareVariables.obj : warning LNK4006: "class CProductShareVariables * m_cProductShareVariables" (?m_cProductShareVariables@@3PEAVCProductShareVariables@@EA) already defined in CCustomerIOControl.obj; second definition ignored
CCustomerShareVariables.obj : warning LNK4006: "class CCustomerShareVariables * m_cCustomerShareVariables" (?m_cCustomerShareVariables@@3PEAVCCustomerShareVariables@@EA) already defined in CCustomerIOControl.obj; second definition ignored
CCustomerStateControl.obj : warning LNK4006: "class CustomerSharedMemorySetting * smCustomerSetting" (?smCustomerSetting@@3PEAVCustomerSharedMemorySetting@@EA) already defined in CCustomerIOControl.obj; second definition ignored
CCustomerStateControl.obj : warning LNK4006: "class CustomerSharedMemoryTeachPoint * smCustomerTeachPoint" (?smCustomerTeachPoint@@3PEAVCustomerSharedMemoryTeachPoint@@EA) already defined in CCustomerIOControl.obj; second definition ignored
CCustomerStateControl.obj : warning LNK4006: "class CustomerSharedMemoryProduction * smCustomerProduction" (?smCustomerProduction@@3PEAVCustomerSharedMemoryProduction@@EA) already defined in CCustomerIOControl.obj; second definition ignored
CCustomerStateControl.obj : warning LNK4006: "class CustomerSharedMemoryCustomize * smCustomerCustomize" (?smCustomerCustomize@@3PEAVCustomerSharedMemoryCustomize@@EA) already defined in CCustomerIOControl.obj; second definition ignored
CCustomerStateControl.obj : warning LNK4006: "class CustomerSharedMemoryIO * smCustomerIO" (?smCustomerIO@@3PEAVCustomerSharedMemoryIO@@EA) already defined in CCustomerIOControl.obj; second definition ignored
CCustomerStateControl.obj : warning LNK4006: "class CustomerSharedMemoryModuleStatus * smCustomerModuleStatus" (?smCustomerModuleStatus@@3PEAVCustomerSharedMemoryModuleStatus@@EA) already defined in CCustomerIOControl.obj; second definition ignored
CCustomerStateControl.obj : warning LNK4006: "class CustomerSharedMemoryEvent * smCustomerEvent" (?smCustomerEvent@@3PEAVCustomerSharedMemoryEvent@@EA) already defined in CCustomerIOControl.obj; second definition ignored
CCustomerStateControl.obj : warning LNK4006: "class CustomerSharedMemoryGeneral * smCustomerGeneral" (?smCustomerGeneral@@3PEAVCustomerSharedMemoryGeneral@@EA) already defined in CCustomerIOControl.obj; second definition ignored
CCustomerStateControl.obj : warning LNK4006: "class VisionModule PickAndPlaceCurrentVisionModule" (?PickAndPlaceCurrentVisionModule@@3VVisionModule@@A) already defined in CCustomerIOControl.obj; second definition ignored
CCustomerStateControl.obj : warning LNK4006: "class PickAndPlaceStation PickAndPlaceCurrentStation" (?PickAndPlaceCurrentStation@@3VPickAndPlaceStation@@A) already defined in CCustomerIOControl.obj; second definition ignored
CCustomerStateControl.obj : warning LNK4006: "class SharedMemorySetting * smSetting" (?smSetting@@3PEAVSharedMemorySetting@@EA) already defined in CCustomerIOControl.obj; second definition ignored
CCustomerStateControl.obj : warning LNK4006: "class SharedMemoryTeachPoint * smTeachPoint" (?smTeachPoint@@3PEAVSharedMemoryTeachPoint@@EA) already defined in CCustomerIOControl.obj; second definition ignored
CCustomerStateControl.obj : warning LNK4006: "class SharedMemoryProduction * smProduction" (?smProduction@@3PEAVSharedMemoryProduction@@EA) already defined in CCustomerIOControl.obj; second definition ignored
CCustomerStateControl.obj : warning LNK4006: "class SharedMemoryCustomize * smCustomize" (?smCustomize@@3PEAVSharedMemoryCustomize@@EA) already defined in CCustomerIOControl.obj; second definition ignored
CCustomerStateControl.obj : warning LNK4006: "class SharedMemoryIO * smIO" (?smIO@@3PEAVSharedMemoryIO@@EA) already defined in CCustomerIOControl.obj; second definition ignored
CCustomerStateControl.obj : warning LNK4006: "class SharedMemoryModuleStatus * smModuleStatus" (?smModuleStatus@@3PEAVSharedMemoryModuleStatus@@EA) already defined in CCustomerIOControl.obj; second definition ignored
CCustomerStateControl.obj : warning LNK4006: "class SharedMemoryEvent * smEvent" (?smEvent@@3PEAVSharedMemoryEvent@@EA) already defined in CCustomerIOControl.obj; second definition ignored
CCustomerStateControl.obj : warning LNK4006: "class SharedMemoryGeneral * smGeneral" (?smGeneral@@3PEAVSharedMemoryGeneral@@EA) already defined in CCustomerIOControl.obj; second definition ignored
CCustomerStateControl.obj : warning LNK4006: "class ProductSharedMemorySetting * smProductSetting" (?smProductSetting@@3PEAVProductSharedMemorySetting@@EA) already defined in CCustomerIOControl.obj; second definition ignored
CCustomerStateControl.obj : warning LNK4006: "class ProductSharedMemoryTeachPoint * smProductTeachPoint" (?smProductTeachPoint@@3PEAVProductSharedMemoryTeachPoint@@EA) already defined in CCustomerIOControl.obj; second definition ignored
CCustomerStateControl.obj : warning LNK4006: "class ProductSharedMemoryProduction * smProductProduction" (?smProductProduction@@3PEAVProductSharedMemoryProduction@@EA) already defined in CCustomerIOControl.obj; second definition ignored
CCustomerStateControl.obj : warning LNK4006: "class ProductSharedMemoryCustomize * smProductCustomize" (?smProductCustomize@@3PEAVProductSharedMemoryCustomize@@EA) already defined in CCustomerIOControl.obj; second definition ignored
CCustomerStateControl.obj : warning LNK4006: "class ProductSharedMemoryIO * smProductIO" (?smProductIO@@3PEAVProductSharedMemoryIO@@EA) already defined in CCustomerIOControl.obj; second definition ignored
CCustomerStateControl.obj : warning LNK4006: "class ProductSharedMemoryModuleStatus * smProductModuleStatus" (?smProductModuleStatus@@3PEAVProductSharedMemoryModuleStatus@@EA) already defined in CCustomerIOControl.obj; second definition ignored
CCustomerStateControl.obj : warning LNK4006: "class ProductSharedMemoryEvent * smProductEvent" (?smProductEvent@@3PEAVProductSharedMemoryEvent@@EA) already defined in CCustomerIOControl.obj; second definition ignored
CCustomerStateControl.obj : warning LNK4006: "class ProductSharedMemoryGeneral * smProductGeneral" (?smProductGeneral@@3PEAVProductSharedMemoryGeneral@@EA) already defined in CCustomerIOControl.obj; second definition ignored
CCustomerStateControl.obj : warning LNK4006: "__int64 m_TurretDelay" (?m_TurretDelay@@3_JA) already defined in CCustomerIOControl.obj; second definition ignored
CCustomerStateControl.obj : warning LNK4006: "class CLogger * m_cLogger" (?m_cLogger@@3PEAVCLogger@@EA) already defined in CCustomerIOControl.obj; second definition ignored
CCustomerStateControl.obj : warning LNK4006: "class CPlatformShareVariables * m_cPlatformShareVariables" (?m_cPlatformShareVariables@@3PEAVCPlatformShareVariables@@EA) already defined in CCustomerIOControl.obj; second definition ignored
CCustomerStateControl.obj : warning LNK4006: "class CIO * m_cIO" (?m_cIO@@3PEAVCIO@@EA) already defined in CCustomerIOControl.obj; second definition ignored
CCustomerStateControl.obj : warning LNK4006: "class CPlatformIOControl * m_cPlatformIOControl" (?m_cPlatformIOControl@@3PEAVCPlatformIOControl@@EA) already defined in CCustomerIOControl.obj; second definition ignored
CCustomerStateControl.obj : warning LNK4006: "class CMotionLibrary * m_cMotion" (?m_cMotion@@3PEAVCMotionLibrary@@EA) already defined in CCustomerMain.obj; second definition ignored
CCustomerStateControl.obj : warning LNK4006: "class CPlatformMotorControl * m_cPlatformMotorControl" (?m_cPlatformMotorControl@@3PEAVCPlatformMotorControl@@EA) already defined in CCustomerMain.obj; second definition ignored
CCustomerStateControl.obj : warning LNK4006: "class CPlatformStateControl * m_cPlatformStateControl" (?m_cPlatformStateControl@@3PEAVCPlatformStateControl@@EA) already defined in CCustomerMain.obj; second definition ignored
CCustomerStateControl.obj : warning LNK4006: "class CProductShareVariables * m_cProductShareVariables" (?m_cProductShareVariables@@3PEAVCProductShareVariables@@EA) already defined in CCustomerIOControl.obj; second definition ignored
CCustomerStateControl.obj : warning LNK4006: "class CProductIOControl * m_cProductIOControl" (?m_cProductIOControl@@3PEAVCProductIOControl@@EA) already defined in CCustomerIOControl.obj; second definition ignored
CCustomerStateControl.obj : warning LNK4006: "class CProductMotorControl * m_cProductMotorControl" (?m_cProductMotorControl@@3PEAVCProductMotorControl@@EA) already defined in CCustomerMain.obj; second definition ignored
CCustomerStateControl.obj : warning LNK4006: "class CProductAgito * m_Agito" (?m_Agito@@3PEAVCProductAgito@@EA) already defined in CCustomerMain.obj; second definition ignored
CCustomerStateControl.obj : warning LNK4006: "class CProductStateControl * m_cProductStateControl" (?m_cProductStateControl@@3PEAVCProductStateControl@@EA) already defined in CCustomerMain.obj; second definition ignored
CCustomerStateControl.obj : warning LNK4006: "class CCustomerShareVariables * m_cCustomerShareVariables" (?m_cCustomerShareVariables@@3PEAVCCustomerShareVariables@@EA) already defined in CCustomerIOControl.obj; second definition ignored
CCustomerStateControl.obj : warning LNK4006: "class CCustomerIOControl * m_cCustomerIOControl" (?m_cCustomerIOControl@@3PEAVCCustomerIOControl@@EA) already defined in CCustomerIOControl.obj; second definition ignored
CCustomerStateControl.obj : warning LNK4006: "class CCustomerMotorControl * m_cCustomerMotorControl" (?m_cCustomerMotorControl@@3PEAVCCustomerMotorControl@@EA) already defined in CCustomerMain.obj; second definition ignored
CCustomerStateControl.obj : warning LNK4006: "class CCustomerStateControl * m_cCustomerStateControl" (?m_cCustomerStateControl@@3PEAVCCustomerStateControl@@EA) already defined in CCustomerMain.obj; second definition ignored
CCustomerThread.obj : warning LNK4006: "class VisionModule PickAndPlaceCurrentVisionModule" (?PickAndPlaceCurrentVisionModule@@3VVisionModule@@A) already defined in CCustomerIOControl.obj; second definition ignored
CCustomerThread.obj : warning LNK4006: "class PickAndPlaceStation PickAndPlaceCurrentStation" (?PickAndPlaceCurrentStation@@3VPickAndPlaceStation@@A) already defined in CCustomerIOControl.obj; second definition ignored
CCustomerThread.obj : warning LNK4006: "class CustomerSharedMemorySetting * smCustomerSetting" (?smCustomerSetting@@3PEAVCustomerSharedMemorySetting@@EA) already defined in CCustomerIOControl.obj; second definition ignored
CCustomerThread.obj : warning LNK4006: "class CustomerSharedMemoryTeachPoint * smCustomerTeachPoint" (?smCustomerTeachPoint@@3PEAVCustomerSharedMemoryTeachPoint@@EA) already defined in CCustomerIOControl.obj; second definition ignored
CCustomerThread.obj : warning LNK4006: "class CustomerSharedMemoryProduction * smCustomerProduction" (?smCustomerProduction@@3PEAVCustomerSharedMemoryProduction@@EA) already defined in CCustomerIOControl.obj; second definition ignored
CCustomerThread.obj : warning LNK4006: "class CustomerSharedMemoryCustomize * smCustomerCustomize" (?smCustomerCustomize@@3PEAVCustomerSharedMemoryCustomize@@EA) already defined in CCustomerIOControl.obj; second definition ignored
CCustomerThread.obj : warning LNK4006: "class CustomerSharedMemoryIO * smCustomerIO" (?smCustomerIO@@3PEAVCustomerSharedMemoryIO@@EA) already defined in CCustomerIOControl.obj; second definition ignored
CCustomerThread.obj : warning LNK4006: "class CustomerSharedMemoryModuleStatus * smCustomerModuleStatus" (?smCustomerModuleStatus@@3PEAVCustomerSharedMemoryModuleStatus@@EA) already defined in CCustomerIOControl.obj; second definition ignored
CCustomerThread.obj : warning LNK4006: "class CustomerSharedMemoryEvent * smCustomerEvent" (?smCustomerEvent@@3PEAVCustomerSharedMemoryEvent@@EA) already defined in CCustomerIOControl.obj; second definition ignored
CCustomerThread.obj : warning LNK4006: "class CustomerSharedMemoryGeneral * smCustomerGeneral" (?smCustomerGeneral@@3PEAVCustomerSharedMemoryGeneral@@EA) already defined in CCustomerIOControl.obj; second definition ignored
CCustomerThread.obj : warning LNK4006: "class SharedMemorySetting * smSetting" (?smSetting@@3PEAVSharedMemorySetting@@EA) already defined in CCustomerIOControl.obj; second definition ignored
CCustomerThread.obj : warning LNK4006: "class SharedMemoryTeachPoint * smTeachPoint" (?smTeachPoint@@3PEAVSharedMemoryTeachPoint@@EA) already defined in CCustomerIOControl.obj; second definition ignored
CCustomerThread.obj : warning LNK4006: "class SharedMemoryProduction * smProduction" (?smProduction@@3PEAVSharedMemoryProduction@@EA) already defined in CCustomerIOControl.obj; second definition ignored
CCustomerThread.obj : warning LNK4006: "class SharedMemoryCustomize * smCustomize" (?smCustomize@@3PEAVSharedMemoryCustomize@@EA) already defined in CCustomerIOControl.obj; second definition ignored
CCustomerThread.obj : warning LNK4006: "class SharedMemoryIO * smIO" (?smIO@@3PEAVSharedMemoryIO@@EA) already defined in CCustomerIOControl.obj; second definition ignored
CCustomerThread.obj : warning LNK4006: "class SharedMemoryModuleStatus * smModuleStatus" (?smModuleStatus@@3PEAVSharedMemoryModuleStatus@@EA) already defined in CCustomerIOControl.obj; second definition ignored
CCustomerThread.obj : warning LNK4006: "class SharedMemoryEvent * smEvent" (?smEvent@@3PEAVSharedMemoryEvent@@EA) already defined in CCustomerIOControl.obj; second definition ignored
CCustomerThread.obj : warning LNK4006: "class SharedMemoryGeneral * smGeneral" (?smGeneral@@3PEAVSharedMemoryGeneral@@EA) already defined in CCustomerIOControl.obj; second definition ignored
CCustomerThread.obj : warning LNK4006: "class ProductSharedMemorySetting * smProductSetting" (?smProductSetting@@3PEAVProductSharedMemorySetting@@EA) already defined in CCustomerIOControl.obj; second definition ignored
CCustomerThread.obj : warning LNK4006: "class ProductSharedMemoryTeachPoint * smProductTeachPoint" (?smProductTeachPoint@@3PEAVProductSharedMemoryTeachPoint@@EA) already defined in CCustomerIOControl.obj; second definition ignored
CCustomerThread.obj : warning LNK4006: "class ProductSharedMemoryProduction * smProductProduction" (?smProductProduction@@3PEAVProductSharedMemoryProduction@@EA) already defined in CCustomerIOControl.obj; second definition ignored
CCustomerThread.obj : warning LNK4006: "class ProductSharedMemoryCustomize * smProductCustomize" (?smProductCustomize@@3PEAVProductSharedMemoryCustomize@@EA) already defined in CCustomerIOControl.obj; second definition ignored
CCustomerThread.obj : warning LNK4006: "class ProductSharedMemoryIO * smProductIO" (?smProductIO@@3PEAVProductSharedMemoryIO@@EA) already defined in CCustomerIOControl.obj; second definition ignored
CCustomerThread.obj : warning LNK4006: "class ProductSharedMemoryModuleStatus * smProductModuleStatus" (?smProductModuleStatus@@3PEAVProductSharedMemoryModuleStatus@@EA) already defined in CCustomerIOControl.obj; second definition ignored
CCustomerThread.obj : warning LNK4006: "class ProductSharedMemoryEvent * smProductEvent" (?smProductEvent@@3PEAVProductSharedMemoryEvent@@EA) already defined in CCustomerIOControl.obj; second definition ignored
CCustomerThread.obj : warning LNK4006: "class ProductSharedMemoryGeneral * smProductGeneral" (?smProductGeneral@@3PEAVProductSharedMemoryGeneral@@EA) already defined in CCustomerIOControl.obj; second definition ignored
CCustomerThread.obj : warning LNK4006: "__int64 m_TurretDelay" (?m_TurretDelay@@3_JA) already defined in CCustomerIOControl.obj; second definition ignored
CCustomerThread.obj : warning LNK4006: "class CLogger * m_cLogger" (?m_cLogger@@3PEAVCLogger@@EA) already defined in CCustomerIOControl.obj; second definition ignored
CCustomerThread.obj : warning LNK4006: "class CPlatformShareVariables * m_cPlatformShareVariables" (?m_cPlatformShareVariables@@3PEAVCPlatformShareVariables@@EA) already defined in CCustomerIOControl.obj; second definition ignored
CCustomerThread.obj : warning LNK4006: "class CIO * m_cIO" (?m_cIO@@3PEAVCIO@@EA) already defined in CCustomerIOControl.obj; second definition ignored
CCustomerThread.obj : warning LNK4006: "class CPlatformIOControl * m_cPlatformIOControl" (?m_cPlatformIOControl@@3PEAVCPlatformIOControl@@EA) already defined in CCustomerIOControl.obj; second definition ignored
CCustomerThread.obj : warning LNK4006: "class CMotionLibrary * m_cMotion" (?m_cMotion@@3PEAVCMotionLibrary@@EA) already defined in CCustomerMain.obj; second definition ignored
CCustomerThread.obj : warning LNK4006: "class CPlatformMotorControl * m_cPlatformMotorControl" (?m_cPlatformMotorControl@@3PEAVCPlatformMotorControl@@EA) already defined in CCustomerMain.obj; second definition ignored
CCustomerThread.obj : warning LNK4006: "class CPlatformStateControl * m_cPlatformStateControl" (?m_cPlatformStateControl@@3PEAVCPlatformStateControl@@EA) already defined in CCustomerMain.obj; second definition ignored
CCustomerThread.obj : warning LNK4006: "class CPlatformSequence * m_cPlatformSequence" (?m_cPlatformSequence@@3PEAVCPlatformSequence@@EA) already defined in CCustomerMain.obj; second definition ignored
CCustomerThread.obj : warning LNK4006: "class CPlatformThread * m_cPlatformThread" (?m_cPlatformThread@@3PEAVCPlatformThread@@EA) already defined in CCustomerMain.obj; second definition ignored
CCustomerThread.obj : warning LNK4006: "class CProductShareVariables * m_cProductShareVariables" (?m_cProductShareVariables@@3PEAVCProductShareVariables@@EA) already defined in CCustomerIOControl.obj; second definition ignored
CCustomerThread.obj : warning LNK4006: "class CProductIOControl * m_cProductIOControl" (?m_cProductIOControl@@3PEAVCProductIOControl@@EA) already defined in CCustomerIOControl.obj; second definition ignored
CCustomerThread.obj : warning LNK4006: "class CProductMotorControl * m_cProductMotorControl" (?m_cProductMotorControl@@3PEAVCProductMotorControl@@EA) already defined in CCustomerMain.obj; second definition ignored
CCustomerThread.obj : warning LNK4006: "class CProductAgito * m_Agito" (?m_Agito@@3PEAVCProductAgito@@EA) already defined in CCustomerMain.obj; second definition ignored
CCustomerThread.obj : warning LNK4006: "class CProductStateControl * m_cProductStateControl" (?m_cProductStateControl@@3PEAVCProductStateControl@@EA) already defined in CCustomerMain.obj; second definition ignored
CCustomerThread.obj : warning LNK4006: "class CProductSequence * m_cProductSequence" (?m_cProductSequence@@3PEAVCProductSequence@@EA) already defined in CCustomerMain.obj; second definition ignored
CCustomerThread.obj : warning LNK4006: "class CProductThread * m_cProductThread" (?m_cProductThread@@3PEAVCProductThread@@EA) already defined in CCustomerMain.obj; second definition ignored
CCustomerThread.obj : warning LNK4006: "class CCustomerShareVariables * m_cCustomerShareVariables" (?m_cCustomerShareVariables@@3PEAVCCustomerShareVariables@@EA) already defined in CCustomerIOControl.obj; second definition ignored
CCustomerThread.obj : warning LNK4006: "class CCustomerIOControl * m_cCustomerIOControl" (?m_cCustomerIOControl@@3PEAVCCustomerIOControl@@EA) already defined in CCustomerIOControl.obj; second definition ignored
CCustomerThread.obj : warning LNK4006: "class CCustomerMotorControl * m_cCustomerMotorControl" (?m_cCustomerMotorControl@@3PEAVCCustomerMotorControl@@EA) already defined in CCustomerMain.obj; second definition ignored
CCustomerThread.obj : warning LNK4006: "class CCustomerStateControl * m_cCustomerStateControl" (?m_cCustomerStateControl@@3PEAVCCustomerStateControl@@EA) already defined in CCustomerMain.obj; second definition ignored
CCustomerThread.obj : warning LNK4006: "class CCustomerSequence * m_cCustomerSequence" (?m_cCustomerSequence@@3PEAVCCustomerSequence@@EA) already defined in CCustomerMain.obj; second definition ignored
CCustomerThread.obj : warning LNK4006: "class CCustomerThread * m_cCustomerThread" (?m_cCustomerThread@@3PEAVCCustomerThread@@EA) already defined in CCustomerMain.obj; second definition ignored
     Creating library D:\Estek Automation\ELS1200 - GitHub\\Estek Library C++\x64\WinRelease\RCustomer.lib and object D:\Estek Automation\ELS1200 - GitHub\\Estek Library C++\x64\WinRelease\RCustomer.exp
D:\Estek Automation\ELS1200 - GitHub\x64\WinRelease\RCustomer.dll : warning LNK4088: image being generated due to /FORCE option; image may not run
  RCustomer.vcxproj -> D:\Estek Automation\ELS1200 - GitHub\x64\WinRelease\RCustomer.dll
