d:\estek automation\4.x\ets5000_20210817_2100_siapbug_uph - rtx\rcustomer\x64\winrelease\vc141.pdb
d:\estek automation\4.x\ets5000_20210817_2100_siapbug_uph - rtx\rcustomer\x64\winrelease\rcustomerexportfunction.obj
d:\estek automation\4.x\ets5000_20210817_2100_siapbug_uph - rtx\rcustomer\x64\winrelease\rcustomer.obj
d:\estek automation\4.x\ets5000_20210817_2100_siapbug_uph - rtx\rcustomer\x64\winrelease\ccustomerthread.obj
d:\estek automation\4.x\ets5000_20210817_2100_siapbug_uph - rtx\rcustomer\x64\winrelease\ccustomerstatecontrol.obj
d:\estek automation\4.x\ets5000_20210817_2100_siapbug_uph - rtx\rcustomer\x64\winrelease\ccustomersharevariables.obj
d:\estek automation\4.x\ets5000_20210817_2100_siapbug_uph - rtx\rcustomer\x64\winrelease\ccustomersequence.obj
d:\estek automation\4.x\ets5000_20210817_2100_siapbug_uph - rtx\rcustomer\x64\winrelease\ccustomermotorcontrol.obj
d:\estek automation\4.x\ets5000_20210817_2100_siapbug_uph - rtx\rcustomer\x64\winrelease\ccustomermain.obj
d:\estek automation\4.x\ets5000_20210817_2100_siapbug_uph - rtx\rcustomer\x64\winrelease\ccustomeriocontrol.obj
d:\estek automation\4.x\ets5000_20210817_2100_siapbug_uph - rtx\x64\winrelease\rcustomer.dll
d:\estek automation\4.x\ets5000_20210817_2100_siapbug_uph - rtx\x64\winrelease\rcustomer.pdb
d:\estek automation\4.x\ets5000_20210817_2100_siapbug_uph - rtx\estek library c++\x64\winrelease\rcustomer.lib
d:\estek automation\4.x\ets5000_20210817_2100_siapbug_uph - rtx\estek library c++\x64\winrelease\rcustomer.exp
d:\estek automation\els1200 - github\rcustomer\x64\winrelease\ccustomeriocontrol.obj
d:\estek automation\els1200 - github\rcustomer\x64\winrelease\ccustomermain.obj
d:\estek automation\els1200 - github\rcustomer\x64\winrelease\ccustomermotorcontrol.obj
d:\estek automation\els1200 - github\rcustomer\x64\winrelease\ccustomersequence.obj
d:\estek automation\els1200 - github\rcustomer\x64\winrelease\ccustomersharevariables.obj
d:\estek automation\els1200 - github\rcustomer\x64\winrelease\ccustomerstatecontrol.obj
d:\estek automation\els1200 - github\rcustomer\x64\winrelease\ccustomerthread.obj
d:\estek automation\els1200 - github\rcustomer\x64\winrelease\rcustomer.obj
d:\estek automation\els1200 - github\rcustomer\x64\winrelease\rcustomerexportfunction.obj
d:\estek automation\els1200 - github\rcustomer\x64\winrelease\vc141.pdb
d:\estek automation\els1200 - github\x64\winrelease\rcustomer.pdb
d:\estek automation\els1200 - github\x64\winrelease\rcustomer.dll
d:\estek automation\els1200 - github\rcustomer\x64\winrelease\rcustomer.tlog\cl.command.1.tlog
d:\estek automation\els1200 - github\rcustomer\x64\winrelease\rcustomer.tlog\cl.read.1.tlog
d:\estek automation\els1200 - github\rcustomer\x64\winrelease\rcustomer.tlog\cl.write.1.tlog
d:\estek automation\els1200 - github\rcustomer\x64\winrelease\rcustomer.tlog\link.command.1.tlog
d:\estek automation\els1200 - github\rcustomer\x64\winrelease\rcustomer.tlog\link.read.1.tlog
d:\estek automation\els1200 - github\rcustomer\x64\winrelease\rcustomer.tlog\link.write.1.tlog
d:\estek automation\els1200 - github\rcustomer\x64\winrelease\rcustomer.tlog\rcustomer.write.1u.tlog
