d:\estek automation\code\els1200-nissei\rcustomer\x64\release\vc141.pdb
d:\estek automation\code\els1200-nissei\rcustomer\x64\release\rcustomerexportfunction.obj
d:\estek automation\code\els1200-nissei\rcustomer\x64\release\rcustomer.obj
d:\estek automation\code\els1200-nissei\rcustomer\x64\release\ccustomerthread.obj
d:\estek automation\code\els1200-nissei\rcustomer\x64\release\ccustomerstatecontrol.obj
d:\estek automation\code\els1200-nissei\rcustomer\x64\release\ccustomersharevariables.obj
d:\estek automation\code\els1200-nissei\rcustomer\x64\release\ccustomersequence.obj
d:\estek automation\code\els1200-nissei\rcustomer\x64\release\ccustomermotorcontrol.obj
d:\estek automation\code\els1200-nissei\rcustomer\x64\release\ccustomermain.obj
d:\estek automation\code\els1200-nissei\rcustomer\x64\release\ccustomeriocontrol.obj
d:\estek automation\code\els1200-nissei\x64\release\rcustomer.dll
d:\estek automation\code\els1200-nissei\x64\release\rcustomer.pdb
d:\estek automation\code\els1200-nissei\estek library c++\x64\release\rcustomer.lib
d:\estek automation\code\els1200-nissei\estek library c++\x64\release\rcustomer.exp
d:\estek automation\steven\move on\els1200-nissei\rcustomer\x64\release\ccustomeriocontrol.obj
d:\estek automation\steven\move on\els1200-nissei\rcustomer\x64\release\ccustomermain.obj
d:\estek automation\steven\move on\els1200-nissei\rcustomer\x64\release\ccustomermotorcontrol.obj
d:\estek automation\steven\move on\els1200-nissei\rcustomer\x64\release\ccustomersequence.obj
d:\estek automation\steven\move on\els1200-nissei\rcustomer\x64\release\ccustomersharevariables.obj
d:\estek automation\steven\move on\els1200-nissei\rcustomer\x64\release\ccustomerstatecontrol.obj
d:\estek automation\steven\move on\els1200-nissei\rcustomer\x64\release\ccustomerthread.obj
d:\estek automation\steven\move on\els1200-nissei\rcustomer\x64\release\rcustomer.obj
d:\estek automation\steven\move on\els1200-nissei\rcustomer\x64\release\rcustomerexportfunction.obj
d:\estek automation\steven\move on\els1200-nissei\rcustomer\x64\release\vc141.pdb
d:\estek automation\steven\move on\els1200-nissei\x64\release\rcustomer.pdb
d:\estek automation\steven\move on\els1200-nissei\x64\release\rcustomer.dll
d:\estek automation\steven\move on\els1200-nissei\rcustomer\x64\release\rcustomer.tlog\cl.command.1.tlog
d:\estek automation\steven\move on\els1200-nissei\rcustomer\x64\release\rcustomer.tlog\cl.read.1.tlog
d:\estek automation\steven\move on\els1200-nissei\rcustomer\x64\release\rcustomer.tlog\cl.write.1.tlog
d:\estek automation\steven\move on\els1200-nissei\rcustomer\x64\release\rcustomer.tlog\link.command.1.tlog
d:\estek automation\steven\move on\els1200-nissei\rcustomer\x64\release\rcustomer.tlog\link.read.1.tlog
d:\estek automation\steven\move on\els1200-nissei\rcustomer\x64\release\rcustomer.tlog\link.write.1.tlog
d:\estek automation\steven\move on\els1200-nissei\rcustomer\x64\release\rcustomer.tlog\rcustomer.write.1u.tlog
