d:\estek automation\code\els1200-nissei\rtxlibrary\x64\release\vc141.pdb
d:\estek automation\code\els1200-nissei\rtxlibrary\x64\release\rtxlibraryexportfunction.obj
d:\estek automation\code\els1200-nissei\rtxlibrary\x64\release\rtxlibrary.obj
d:\estek\release\rtxlibrary.dll
d:\estek\release\rtxlibrary.pdb
d:\estek automation\code\els1200-nissei\rtxlibrary\x64\release\resource.res
d:\estek automation\code\els1200-nissei\estek library c++\x64\release\rtxlibrary.lib
d:\estek automation\code\els1200-nissei\estek library c++\x64\release\rtxlibrary.exp
d:\estek\release\rtxlibrary.ipdb
d:\estek\release\rtxlibrary.iobj
d:\estek automation\steven\move on\els1200-nissei\rtxlibrary\x64\release\rtxlibrary.obj
d:\estek automation\steven\move on\els1200-nissei\rtxlibrary\x64\release\rtxlibraryexportfunction.obj
d:\estek automation\steven\move on\els1200-nissei\rtxlibrary\x64\release\resource.res
d:\estek automation\steven\move on\els1200-nissei\rtxlibrary\x64\release\vc141.pdb
d:\estek automation\steven\move on\els1200-nissei\rtxlibrary\x64\release\rtxlibrary.tlog\cl.command.1.tlog
d:\estek automation\steven\move on\els1200-nissei\rtxlibrary\x64\release\rtxlibrary.tlog\cl.read.1.tlog
d:\estek automation\steven\move on\els1200-nissei\rtxlibrary\x64\release\rtxlibrary.tlog\cl.write.1.tlog
d:\estek automation\steven\move on\els1200-nissei\rtxlibrary\x64\release\rtxlibrary.tlog\link.command.1.tlog
d:\estek automation\steven\move on\els1200-nissei\rtxlibrary\x64\release\rtxlibrary.tlog\link.read.1.tlog
d:\estek automation\steven\move on\els1200-nissei\rtxlibrary\x64\release\rtxlibrary.tlog\link.write.1.tlog
d:\estek automation\steven\move on\els1200-nissei\rtxlibrary\x64\release\rtxlibrary.tlog\rc.command.1.tlog
d:\estek automation\steven\move on\els1200-nissei\rtxlibrary\x64\release\rtxlibrary.tlog\rc.read.1.tlog
d:\estek automation\steven\move on\els1200-nissei\rtxlibrary\x64\release\rtxlibrary.tlog\rc.write.1.tlog
d:\estek automation\steven\move on\els1200-nissei\rtxlibrary\x64\release\rtxlibrary.tlog\rtxlibrary.write.1u.tlog
