d:\estek automation\4.x\ets5000_20210817_2100_siapbug_uph - rtx\rproduct\x64\winrelease\vc141.pdb
d:\estek automation\4.x\ets5000_20210817_2100_siapbug_uph - rtx\rproduct\x64\winrelease\rproductexportfunction.obj
d:\estek automation\4.x\ets5000_20210817_2100_siapbug_uph - rtx\rproduct\x64\winrelease\rproduct.obj
d:\estek automation\4.x\ets5000_20210817_2100_siapbug_uph - rtx\rproduct\x64\winrelease\cproductthread.obj
d:\estek automation\4.x\ets5000_20210817_2100_siapbug_uph - rtx\rproduct\x64\winrelease\cproductstatecontrol.obj
d:\estek automation\4.x\ets5000_20210817_2100_siapbug_uph - rtx\rproduct\x64\winrelease\cproductsharevariables.obj
d:\estek automation\4.x\ets5000_20210817_2100_siapbug_uph - rtx\rproduct\x64\winrelease\cproductsequence.obj
d:\estek automation\4.x\ets5000_20210817_2100_siapbug_uph - rtx\rproduct\x64\winrelease\cproductmotorcontrol.obj
d:\estek automation\4.x\ets5000_20210817_2100_siapbug_uph - rtx\rproduct\x64\winrelease\cproductmain.obj
d:\estek automation\4.x\ets5000_20210817_2100_siapbug_uph - rtx\rproduct\x64\winrelease\cproductiocontrol.obj
d:\estek automation\4.x\ets5000_20210817_2100_siapbug_uph - rtx\x64\winrelease\rproduct.dll
d:\estek automation\4.x\ets5000_20210817_2100_siapbug_uph - rtx\x64\winrelease\rproduct.pdb
d:\estek automation\4.x\ets5000_20210817_2100_siapbug_uph - rtx\estek library c++\x64\winrelease\rproduct.lib
d:\estek automation\4.x\ets5000_20210817_2100_siapbug_uph - rtx\estek library c++\x64\winrelease\rproduct.exp
d:\estek automation\4.x\ets5000_20210817_2100_siapbug_uph - rtx\x64\winrelease\rproduct.ipdb
d:\estek automation\4.x\ets5000_20210817_2100_siapbug_uph - rtx\x64\winrelease\rproduct.iobj
d:\estek automation\els1200 - github\rproduct\x64\winrelease\cproductiocontrol.obj
d:\estek automation\els1200 - github\rproduct\x64\winrelease\cproductmain.obj
d:\estek automation\els1200 - github\rproduct\x64\winrelease\cproductmotorcontrol.obj
d:\estek automation\els1200 - github\rproduct\x64\winrelease\cproductsequence.obj
d:\estek automation\els1200 - github\rproduct\x64\winrelease\cproductsharevariables.obj
d:\estek automation\els1200 - github\rproduct\x64\winrelease\cproductstatecontrol.obj
d:\estek automation\els1200 - github\rproduct\x64\winrelease\cproductthread.obj
d:\estek automation\els1200 - github\rproduct\x64\winrelease\rproduct.obj
d:\estek automation\els1200 - github\rproduct\x64\winrelease\rproductexportfunction.obj
d:\estek automation\els1200 - github\rproduct\x64\winrelease\vc141.pdb
d:\estek automation\els1200 - github\x64\winrelease\rproduct.pdb
d:\estek automation\els1200 - github\x64\winrelease\rproduct.dll
d:\estek automation\els1200 - github\rproduct\x64\winrelease\rproduct.tlog\cl.command.1.tlog
d:\estek automation\els1200 - github\rproduct\x64\winrelease\rproduct.tlog\cl.read.1.tlog
d:\estek automation\els1200 - github\rproduct\x64\winrelease\rproduct.tlog\cl.write.1.tlog
d:\estek automation\els1200 - github\rproduct\x64\winrelease\rproduct.tlog\link.command.1.tlog
d:\estek automation\els1200 - github\rproduct\x64\winrelease\rproduct.tlog\link.read.1.tlog
d:\estek automation\els1200 - github\rproduct\x64\winrelease\rproduct.tlog\link.write.1.tlog
d:\estek automation\els1200 - github\rproduct\x64\winrelease\rproduct.tlog\rproduct.write.1u.tlog
