f:\estek automation\project\ets5000\ets5000_20210817_2100_siapbug_uph - rtx\rproduct\x64\debug\vc141.pdb
f:\estek automation\project\ets5000\ets5000_20210817_2100_siapbug_uph - rtx\rproduct\x64\debug\vc141.idb
f:\estek automation\project\ets5000\ets5000_20210817_2100_siapbug_uph - rtx\rproduct\x64\debug\rproductexportfunction.obj
f:\estek automation\project\ets5000\ets5000_20210817_2100_siapbug_uph - rtx\rproduct\x64\debug\rproduct.obj
f:\estek automation\project\ets5000\ets5000_20210817_2100_siapbug_uph - rtx\rproduct\x64\debug\cproductthread.obj
f:\estek automation\project\ets5000\ets5000_20210817_2100_siapbug_uph - rtx\rproduct\x64\debug\cproductstatecontrol.obj
f:\estek automation\project\ets5000\ets5000_20210817_2100_siapbug_uph - rtx\rproduct\x64\debug\cproductsharevariables.obj
f:\estek automation\project\ets5000\ets5000_20210817_2100_siapbug_uph - rtx\rproduct\x64\debug\cproductsequence.obj
f:\estek automation\project\ets5000\ets5000_20210817_2100_siapbug_uph - rtx\rproduct\x64\debug\cproductmotorcontrol.obj
f:\estek automation\project\ets5000\ets5000_20210817_2100_siapbug_uph - rtx\rproduct\x64\debug\cproductmain.obj
f:\estek automation\project\ets5000\ets5000_20210817_2100_siapbug_uph - rtx\rproduct\x64\debug\cproductiocontrol.obj
f:\estek automation\project\ets5000\ets5000_20210817_2100_siapbug_uph - rtx\x64\debug\rproduct.dll
f:\estek automation\project\ets5000\ets5000_20210817_2100_siapbug_uph - rtx\x64\debug\rproduct.pdb
f:\estek automation\project\ets5000\ets5000_20210817_2100_siapbug_uph - rtx\estek library c++\x64\debug\rproduct.lib
f:\estek automation\project\ets5000\ets5000_20210817_2100_siapbug_uph - rtx\estek library c++\x64\debug\rproduct.exp
d:\estek automation\thor\ets5000_20210819_1120_latest- rtx-rtss_merge - uph\rproduct\x64\debug\cproductiocontrol.obj
d:\estek automation\thor\ets5000_20210819_1120_latest- rtx-rtss_merge - uph\rproduct\x64\debug\cproductmain.obj
d:\estek automation\thor\ets5000_20210819_1120_latest- rtx-rtss_merge - uph\rproduct\x64\debug\cproductmotorcontrol.obj
d:\estek automation\thor\ets5000_20210819_1120_latest- rtx-rtss_merge - uph\rproduct\x64\debug\cproductsequence.obj
d:\estek automation\thor\ets5000_20210819_1120_latest- rtx-rtss_merge - uph\rproduct\x64\debug\cproductsharevariables.obj
d:\estek automation\thor\ets5000_20210819_1120_latest- rtx-rtss_merge - uph\rproduct\x64\debug\cproductstatecontrol.obj
d:\estek automation\thor\ets5000_20210819_1120_latest- rtx-rtss_merge - uph\rproduct\x64\debug\cproductthread.obj
d:\estek automation\thor\ets5000_20210819_1120_latest- rtx-rtss_merge - uph\rproduct\x64\debug\rproduct.obj
d:\estek automation\thor\ets5000_20210819_1120_latest- rtx-rtss_merge - uph\rproduct\x64\debug\rproductexportfunction.obj
d:\estek automation\thor\ets5000_20210819_1120_latest- rtx-rtss_merge - uph\rproduct\x64\debug\vc141.idb
d:\estek automation\thor\ets5000_20210819_1120_latest- rtx-rtss_merge - uph\rproduct\x64\debug\vc141.pdb
d:\estek automation\thor\ets5000_20210819_1120_latest- rtx-rtss_merge - uph\x64\debug\rproduct.pdb
d:\estek automation\thor\ets5000_20210819_1120_latest- rtx-rtss_merge - uph\x64\debug\rproduct.dll
d:\estek automation\thor\ets5000_20210819_1120_latest- rtx-rtss_merge - uph\rproduct\x64\debug\rproduct.tlog\cl.command.1.tlog
d:\estek automation\thor\ets5000_20210819_1120_latest- rtx-rtss_merge - uph\rproduct\x64\debug\rproduct.tlog\cl.read.1.tlog
d:\estek automation\thor\ets5000_20210819_1120_latest- rtx-rtss_merge - uph\rproduct\x64\debug\rproduct.tlog\cl.write.1.tlog
d:\estek automation\thor\ets5000_20210819_1120_latest- rtx-rtss_merge - uph\rproduct\x64\debug\rproduct.tlog\link.command.1.tlog
d:\estek automation\thor\ets5000_20210819_1120_latest- rtx-rtss_merge - uph\rproduct\x64\debug\rproduct.tlog\link.read.1.tlog
d:\estek automation\thor\ets5000_20210819_1120_latest- rtx-rtss_merge - uph\rproduct\x64\debug\rproduct.tlog\link.write.1.tlog
d:\estek automation\thor\ets5000_20210819_1120_latest- rtx-rtss_merge - uph\rproduct\x64\debug\rproduct.tlog\rproduct.write.1u.tlog
